#
# A fatal error has been detected by the Java Runtime Environment:
#
#  EXCEPTION_ACCESS_VIOLATION (0xc0000005) at pc=0x0000000067c7a22f, pid=4028, tid=0x00000000000005bc
#
# JRE version: Java(TM) SE Runtime Environment (8.0_121-b13) (build 1.8.0_121-b13)
# Java VM: Java HotSpot(TM) 64-Bit Server VM (25.121-b13 mixed mode windows-amd64 compressed oops)
# Problematic frame:
# V  [jvm.dll+0x42a22f]
#
# Failed to write core dump. Minidumps are not enabled by default on client versions of Windows
#
# If you would like to submit a bug report, please visit:
#   http://bugreport.java.com/bugreport/crash.jsp
#

---------------  T H R E A D  ---------------

Current thread (0x000000005643f800):  JavaThread "C1 CompilerThread2" daemon [_thread_in_native, id=1468, stack(0x0000000058360000,0x0000000058460000)]

siginfo: ExceptionCode=0xc0000005, reading address 0xffffffffffffffff

Registers:
RAX=0x000000005eec5c20, RBX=0x0000000000000009, RCX=0x00d700005eec5920, RDX=0x0000000000000003
RSP=0x000000005845f020, RBP=0x00000000000000a2, RSI=0x0000000000000056, RDI=0x000000005db9e8d0
R8 =0x0000000000000604, R9 =0x0000000000000303, R10=0x000000005c3fbf40, R11=0x000000005eec57b0
R12=0x0000000000000763, R13=0x0000000056436db0, R14=0x0000000057ec0080, R15=0x0000000057ec0260
RIP=0x0000000067c7a22f, EFLAGS=0x0000000000010207

Top of Stack: (sp=0x000000005845f020)
0x000000005845f020:   0000000000003b18 0000000000000763
0x000000005845f030:   0000000000000763 0000000000000000
0x000000005845f040:   0000000000000763 0000000067c87b10
0x000000005845f050:   000000005db9e9d0 000000006793cc1b
0x000000005845f060:   0000000000000000 0000000000000000
0x000000005845f070:   0000000068024960 0000000067c5dc18
0x000000005845f080:   0000000000000138 0000000067c7ff8e
0x000000005845f090:   000000005db9e8d0 0000000000000000
0x000000005845f0a0:   0000000068024960 000000005db9e8d0
0x000000005845f0b0:   000000005845f3f0 0000000067c5e500
0x000000005845f0c0:   000000005845f3f0 0000000068024960
0x000000005845f0d0:   0000000068024960 0000000067c70f30
0x000000005845f0e0:   0000000059ec0000 0000000000000000
0x000000005845f0f0:   00000000598b7790 000000005845f100
0x000000005845f100:   0000000059e90fa0 0000000000000000
0x000000005845f110:   0000000000000000 0000000000000007 

Instructions: (pc=0x0000000067c7a22f)
0x0000000067c7a20f:   00 00 45 89 82 60 02 00 00 49 63 1b 48 85 db 7e
0x0000000067c7a21f:   34 49 8b 43 08 48 ff c2 49 ff c1 48 8b 4c d0 f8
0x0000000067c7a22f:   44 89 41 20 48 8b 87 88 00 00 00 41 83 c0 02 4a
0x0000000067c7a23f:   89 4c c8 f8 48 8b 87 98 00 00 00 4e 89 54 c8 f8 


Register to memory mapping:

RAX=0x000000005eec5c20 is an unknown value
RBX=0x0000000000000009 is an unknown value
RCX=0x00d700005eec5920 is an unknown value
RDX=0x0000000000000003 is an unknown value
RSP=0x000000005845f020 is pointing into the stack for thread: 0x000000005643f800
RBP=0x00000000000000a2 is an unknown value
RSI=0x0000000000000056 is an unknown value
RDI=0x000000005db9e8d0 is an unknown value
R8 =0x0000000000000604 is an unknown value
R9 =0x0000000000000303 is an unknown value
R10=0x000000005c3fbf40 is an unknown value
R11=0x000000005eec57b0 is an unknown value
R12=0x0000000000000763 is an unknown value
R13=0x0000000056436db0 is an unknown value
R14=0x0000000057ec0080 is an unknown value
R15=0x0000000057ec0260 is an unknown value


Stack: [0x0000000058360000,0x0000000058460000],  sp=0x000000005845f020,  free space=1020k
Native frames: (J=compiled Java code, j=interpreted, Vv=VM code, C=native code)
V  [jvm.dll+0x42a22f]
V  [jvm.dll+0x42ff8e]
V  [jvm.dll+0x40e500]
V  [jvm.dll+0x40e8d0]
V  [jvm.dll+0x40ea02]
V  [jvm.dll+0x40ebd1]
V  [jvm.dll+0x40eddf]
V  [jvm.dll+0xa5ca2]
V  [jvm.dll+0xa65df]
V  [jvm.dll+0x244e1f]
V  [jvm.dll+0x29c69a]
C  [msvcr100.dll+0x21d9f]
C  [msvcr100.dll+0x21e3b]
C  [kernel32.dll+0x1652d]
C  [ntdll.dll+0x2c521]


Current CompileTask:
C1:   5878 2544 % !   3       org.apache.xerces.impl.XMLScanner::scanCharReferenceValue @ 312 (716 bytes)


---------------  P R O C E S S  ---------------

Java Threads: ( => current thread )
  0x0000000058c6b800 JavaThread "File lock request listener" [_thread_in_native, id=4632, stack(0x000000005e8b0000,0x000000005e9b0000)]
  0x0000000059744800 JavaThread "Stdin handler" [_thread_blocked, id=5112, stack(0x000000005ac60000,0x000000005ad60000)]
  0x0000000059738800 JavaThread "Asynchronous log dispatcher for org.gradle.launcher.daemon.server.DefaultDaemonConnection@711e89f1" [_thread_blocked, id=3452, stack(0x000000005ab40000,0x000000005ac40000)]
  0x0000000059733000 JavaThread "Daemon worker" [_thread_in_Java, id=2332, stack(0x000000005a8f0000,0x000000005a9f0000)]
  0x000000005972d000 JavaThread "Cancel handler" [_thread_blocked, id=4356, stack(0x000000005a610000,0x000000005a710000)]
  0x000000005970b800 JavaThread "Handler for socket connection from /127.0.0.1:49225 to /127.0.0.1:49226" [_thread_in_native, id=4996, stack(0x0000000058fa0000,0x00000000590a0000)]
  0x00000000596e1000 JavaThread "Daemon" [_thread_blocked, id=2568, stack(0x000000005a760000,0x000000005a860000)]
  0x000000005965f000 JavaThread "Incoming local TCP Connector on port 49225" [_thread_in_native, id=4428, stack(0x000000005a2a0000,0x000000005a3a0000)]
  0x000000005952d000 JavaThread "pool-1-thread-1" [_thread_blocked, id=1460, stack(0x000000005a0f0000,0x000000005a1f0000)]
  0x0000000057f43000 JavaThread "Service Thread" daemon [_thread_blocked, id=4668, stack(0x0000000058550000,0x0000000058650000)]
=>0x000000005643f800 JavaThread "C1 CompilerThread2" daemon [_thread_in_native, id=1468, stack(0x0000000058360000,0x0000000058460000)]
  0x000000005643d800 JavaThread "C2 CompilerThread1" daemon [_thread_in_native, id=4264, stack(0x0000000057dc0000,0x0000000057ec0000)]
  0x0000000056438000 JavaThread "C2 CompilerThread0" daemon [_thread_in_native, id=3584, stack(0x0000000057c20000,0x0000000057d20000)]
  0x0000000056433800 JavaThread "Attach Listener" daemon [_thread_blocked, id=4292, stack(0x0000000057a40000,0x0000000057b40000)]
  0x0000000056432000 JavaThread "Signal Dispatcher" daemon [_thread_blocked, id=4592, stack(0x0000000057860000,0x0000000057960000)]
  0x0000000056419000 JavaThread "Finalizer" daemon [_thread_blocked, id=1380, stack(0x0000000057740000,0x0000000057840000)]
  0x00000000563d2000 JavaThread "Reference Handler" daemon [_thread_blocked, id=4084, stack(0x00000000574c0000,0x00000000575c0000)]
  0x00000000022cd800 JavaThread "main" [_thread_blocked, id=4212, stack(0x00000000022e0000,0x00000000023e0000)]

Other Threads:
  0x00000000563ca000 VMThread [stack: 0x0000000057310000,0x0000000057410000] [id=5024]
  0x0000000057f78000 WatcherThread [stack: 0x0000000058680000,0x0000000058780000] [id=1052]

VM state:not at safepoint (normal execution)

VM Mutex/Monitor currently owned by a thread: None

Heap:
 PSYoungGen      total 73728K, used 54824K [0x00000000e0000000, 0x00000000e7b00000, 0x0000000100000000)
  eden space 65536K, 72% used [0x00000000e0000000,0x00000000e2e4ba68,0x00000000e4000000)
  from space 8192K, 90% used [0x00000000e4000000,0x00000000e473e920,0x00000000e4800000)
  to   space 9216K, 0% used [0x00000000e7200000,0x00000000e7200000,0x00000000e7b00000)
 ParOldGen       total 35328K, used 8038K [0x00000000a0000000, 0x00000000a2280000, 0x00000000e0000000)
  object space 35328K, 22% used [0x00000000a0000000,0x00000000a07d9850,0x00000000a2280000)
 Metaspace       used 27878K, capacity 28356K, committed 28672K, reserved 1073152K
  class space    used 3898K, capacity 4036K, committed 4096K, reserved 1048576K

Card table byte_map: [0x0000000011a70000,0x0000000011d80000] byte_map_base: 0x0000000011570000

Marking Bits: (ParMarkBitMap*) 0x000000006806b6d0
 Begin Bits: [0x0000000012740000, 0x0000000013f40000)
 End Bits:   [0x0000000013f40000, 0x0000000015740000)

Polling page: 0x0000000001c60000

CodeCache: size=245760Kb used=8855Kb max_used=8855Kb free=236904Kb
 bounds [0x00000000026b0000, 0x0000000002f60000, 0x00000000116b0000]
 total_blobs=3131 nmethods=2491 adapters=552
 compilation: enabled

Compilation events (10 events):
Event: 5.850 Thread 0x000000005643f800 nmethod 2539 0x0000000002f57550 code [0x0000000002f57700, 0x0000000002f57b98]
Event: 5.850 Thread 0x000000005643f800 2540       2       java.util.LinkedList::isPositionIndex (18 bytes)
Event: 5.850 Thread 0x000000005643f800 nmethod 2540 0x0000000002f57ed0 code [0x0000000002f58020, 0x0000000002f58190]
Event: 5.850 Thread 0x000000005643f800 2541       2       java.lang.ClassLoader::getResources (53 bytes)
Event: 5.851 Thread 0x000000005643f800 nmethod 2541 0x0000000002f58210 code [0x0000000002f583c0, 0x0000000002f588e8]
Event: 5.851 Thread 0x000000005643f800 2542       2       java.net.URLClassLoader::findResources (20 bytes)
Event: 5.852 Thread 0x000000005643f800 nmethod 2542 0x0000000002f58bd0 code [0x0000000002f58d40, 0x0000000002f58fa8]
Event: 5.852 Thread 0x000000005643f800 2543       2       sun.misc.URLClassPath::findResources (11 bytes)
Event: 5.852 Thread 0x000000005643f800 nmethod 2543 0x0000000002f590d0 code [0x0000000002f59240, 0x0000000002f59408]
Event: 5.853 Thread 0x000000005643f800 2544 % !   3       org.apache.xerces.impl.XMLScanner::scanCharReferenceValue @ 312 (716 bytes)

GC Heap History (10 events):
Event: 2.179 GC heap before
{Heap before GC invocations=4 (full 0):
 PSYoungGen      total 18944K, used 18928K [0x00000000e0000000, 0x00000000e2500000, 0x0000000100000000)
  eden space 16384K, 100% used [0x00000000e0000000,0x00000000e1000000,0x00000000e1000000)
  from space 2560K, 99% used [0x00000000e1000000,0x00000000e127c030,0x00000000e1280000)
  to   space 2560K, 0% used [0x00000000e2280000,0x00000000e2280000,0x00000000e2500000)
 ParOldGen       total 44032K, used 2098K [0x00000000a0000000, 0x00000000a2b00000, 0x00000000e0000000)
  object space 44032K, 4% used [0x00000000a0000000,0x00000000a020c900,0x00000000a2b00000)
 Metaspace       used 12999K, capacity 13326K, committed 13440K, reserved 1060864K
  class space    used 1787K, capacity 1883K, committed 1920K, reserved 1048576K
Event: 2.219 GC heap after
Heap after GC invocations=4 (full 0):
 PSYoungGen      total 35328K, used 2528K [0x00000000e0000000, 0x00000000e2500000, 0x0000000100000000)
  eden space 32768K, 0% used [0x00000000e0000000,0x00000000e0000000,0x00000000e2000000)
  from space 2560K, 98% used [0x00000000e2280000,0x00000000e24f8040,0x00000000e2500000)
  to   space 2560K, 0% used [0x00000000e2000000,0x00000000e2000000,0x00000000e2280000)
 ParOldGen       total 44032K, used 4113K [0x00000000a0000000, 0x00000000a2b00000, 0x00000000e0000000)
  object space 44032K, 9% used [0x00000000a0000000,0x00000000a0404728,0x00000000a2b00000)
 Metaspace       used 12999K, capacity 13326K, committed 13440K, reserved 1060864K
  class space    used 1787K, capacity 1883K, committed 1920K, reserved 1048576K
}
Event: 3.046 GC heap before
{Heap before GC invocations=5 (full 0):
 PSYoungGen      total 35328K, used 35296K [0x00000000e0000000, 0x00000000e2500000, 0x0000000100000000)
  eden space 32768K, 100% used [0x00000000e0000000,0x00000000e2000000,0x00000000e2000000)
  from space 2560K, 98% used [0x00000000e2280000,0x00000000e24f8040,0x00000000e2500000)
  to   space 2560K, 0% used [0x00000000e2000000,0x00000000e2000000,0x00000000e2280000)
 ParOldGen       total 44032K, used 4113K [0x00000000a0000000, 0x00000000a2b00000, 0x00000000e0000000)
  object space 44032K, 9% used [0x00000000a0000000,0x00000000a0404728,0x00000000a2b00000)
 Metaspace       used 18870K, capacity 19218K, committed 19456K, reserved 1067008K
  class space    used 2581K, capacity 2691K, committed 2816K, reserved 1048576K
Event: 3.146 GC heap after
Heap after GC invocations=5 (full 0):
 PSYoungGen      total 35328K, used 2544K [0x00000000e0000000, 0x00000000e5100000, 0x0000000100000000)
  eden space 32768K, 0% used [0x00000000e0000000,0x00000000e0000000,0x00000000e2000000)
  from space 2560K, 99% used [0x00000000e2000000,0x00000000e227c030,0x00000000e2280000)
  to   space 8704K, 0% used [0x00000000e4880000,0x00000000e4880000,0x00000000e5100000)
 ParOldGen       total 44032K, used 10129K [0x00000000a0000000, 0x00000000a2b00000, 0x00000000e0000000)
  object space 44032K, 23% used [0x00000000a0000000,0x00000000a09e44b0,0x00000000a2b00000)
 Metaspace       used 18870K, capacity 19218K, committed 19456K, reserved 1067008K
  class space    used 2581K, capacity 2691K, committed 2816K, reserved 1048576K
}
Event: 3.540 GC heap before
{Heap before GC invocations=6 (full 0):
 PSYoungGen      total 35328K, used 22466K [0x00000000e0000000, 0x00000000e5100000, 0x0000000100000000)
  eden space 32768K, 60% used [0x00000000e0000000,0x00000000e1374870,0x00000000e2000000)
  from space 2560K, 99% used [0x00000000e2000000,0x00000000e227c030,0x00000000e2280000)
  to   space 8704K, 0% used [0x00000000e4880000,0x00000000e4880000,0x00000000e5100000)
 ParOldGen       total 44032K, used 10129K [0x00000000a0000000, 0x00000000a2b00000, 0x00000000e0000000)
  object space 44032K, 23% used [0x00000000a0000000,0x00000000a09e44b0,0x00000000a2b00000)
 Metaspace       used 20819K, capacity 21206K, committed 21296K, reserved 1067008K
  class space    used 2782K, capacity 2922K, committed 2944K, reserved 1048576K
Event: 3.614 GC heap after
Heap after GC invocations=6 (full 0):
 PSYoungGen      total 73216K, used 4690K [0x00000000e0000000, 0x00000000e5000000, 0x0000000100000000)
  eden space 65536K, 0% used [0x00000000e0000000,0x00000000e0000000,0x00000000e4000000)
  from space 7680K, 61% used [0x00000000e4880000,0x00000000e4d14b50,0x00000000e5000000)
  to   space 8192K, 0% used [0x00000000e4000000,0x00000000e4000000,0x00000000e4800000)
 ParOldGen       total 44032K, used 10129K [0x00000000a0000000, 0x00000000a2b00000, 0x00000000e0000000)
  object space 44032K, 23% used [0x00000000a0000000,0x00000000a09e44b0,0x00000000a2b00000)
 Metaspace       used 20819K, capacity 21206K, committed 21296K, reserved 1067008K
  class space    used 2782K, capacity 2922K, committed 2944K, reserved 1048576K
}
Event: 3.615 GC heap before
{Heap before GC invocations=7 (full 1):
 PSYoungGen      total 73216K, used 4690K [0x00000000e0000000, 0x00000000e5000000, 0x0000000100000000)
  eden space 65536K, 0% used [0x00000000e0000000,0x00000000e0000000,0x00000000e4000000)
  from space 7680K, 61% used [0x00000000e4880000,0x00000000e4d14b50,0x00000000e5000000)
  to   space 8192K, 0% used [0x00000000e4000000,0x00000000e4000000,0x00000000e4800000)
 ParOldGen       total 44032K, used 10129K [0x00000000a0000000, 0x00000000a2b00000, 0x00000000e0000000)
  object space 44032K, 23% used [0x00000000a0000000,0x00000000a09e44b0,0x00000000a2b00000)
 Metaspace       used 20819K, capacity 21206K, committed 21296K, reserved 1067008K
  class space    used 2782K, capacity 2922K, committed 2944K, reserved 1048576K
Event: 3.777 GC heap after
Heap after GC invocations=7 (full 1):
 PSYoungGen      total 73216K, used 0K [0x00000000e0000000, 0x00000000e5000000, 0x0000000100000000)
  eden space 65536K, 0% used [0x00000000e0000000,0x00000000e0000000,0x00000000e4000000)
  from space 7680K, 0% used [0x00000000e4880000,0x00000000e4880000,0x00000000e5000000)
  to   space 8192K, 0% used [0x00000000e4000000,0x00000000e4000000,0x00000000e4800000)
 ParOldGen       total 35328K, used 8038K [0x00000000a0000000, 0x00000000a2280000, 0x00000000e0000000)
  object space 35328K, 22% used [0x00000000a0000000,0x00000000a07d9850,0x00000000a2280000)
 Metaspace       used 20819K, capacity 21206K, committed 21296K, reserved 1067008K
  class space    used 2782K, capacity 2922K, committed 2944K, reserved 1048576K
}
Event: 5.012 GC heap before
{Heap before GC invocations=8 (full 1):
 PSYoungGen      total 73216K, used 65536K [0x00000000e0000000, 0x00000000e5000000, 0x0000000100000000)
  eden space 65536K, 100% used [0x00000000e0000000,0x00000000e4000000,0x00000000e4000000)
  from space 7680K, 0% used [0x00000000e4880000,0x00000000e4880000,0x00000000e5000000)
  to   space 8192K, 0% used [0x00000000e4000000,0x00000000e4000000,0x00000000e4800000)
 ParOldGen       total 35328K, used 8038K [0x00000000a0000000, 0x00000000a2280000, 0x00000000e0000000)
  object space 35328K, 22% used [0x00000000a0000000,0x00000000a07d9850,0x00000000a2280000)
 Metaspace       used 25930K, capacity 26412K, committed 26624K, reserved 1073152K
  class space    used 3646K, capacity 3776K, committed 3840K, reserved 1048576K
Event: 5.035 GC heap after
Heap after GC invocations=8 (full 1):
 PSYoungGen      total 73728K, used 7418K [0x00000000e0000000, 0x00000000e7b00000, 0x0000000100000000)
  eden space 65536K, 0% used [0x00000000e0000000,0x00000000e0000000,0x00000000e4000000)
  from space 8192K, 90% used [0x00000000e4000000,0x00000000e473e920,0x00000000e4800000)
  to   space 9216K, 0% used [0x00000000e7200000,0x00000000e7200000,0x00000000e7b00000)
 ParOldGen       total 35328K, used 8038K [0x00000000a0000000, 0x00000000a2280000, 0x00000000e0000000)
  object space 35328K, 22% used [0x00000000a0000000,0x00000000a07d9850,0x00000000a2280000)
 Metaspace       used 25930K, capacity 26412K, committed 26624K, reserved 1073152K
  class space    used 3646K, capacity 3776K, committed 3840K, reserved 1048576K
}

Deoptimization events (10 events):
Event: 3.778 Thread 0x0000000059733000 Uncommon trap: reason=unstable_if action=reinterpret pc=0x0000000002abee2c method=java.util.HashMap.hash(Ljava/lang/Object;)I @ 1
Event: 3.778 Thread 0x0000000059733000 Uncommon trap: reason=unstable_if action=reinterpret pc=0x0000000002aba48c method=java.util.HashMap.putVal(ILjava/lang/Object;Ljava/lang/Object;ZZ)Ljava/lang/Object; @ 85
Event: 3.810 Thread 0x0000000059733000 Uncommon trap: reason=class_check action=maybe_recompile pc=0x0000000002b33b70 method=java.lang.reflect.Method.equals(Ljava/lang/Object;)Z @ 5
Event: 3.813 Thread 0x0000000059733000 Uncommon trap: reason=class_check action=maybe_recompile pc=0x0000000002b33b70 method=java.lang.reflect.Method.equals(Ljava/lang/Object;)Z @ 5
Event: 3.936 Thread 0x0000000059733000 Uncommon trap: reason=unstable_if action=reinterpret pc=0x000000000299a660 method=java.util.LinkedHashMap.afterNodeInsertion(Z)V @ 1
Event: 3.968 Thread 0x0000000059733000 Uncommon trap: reason=class_check action=maybe_recompile pc=0x0000000002b33b70 method=java.lang.reflect.Method.equals(Ljava/lang/Object;)Z @ 5
Event: 3.969 Thread 0x0000000059733000 Uncommon trap: reason=class_check action=maybe_recompile pc=0x0000000002b33b70 method=java.lang.reflect.Method.equals(Ljava/lang/Object;)Z @ 5
Event: 4.209 Thread 0x0000000059733000 Uncommon trap: reason=unstable_if action=reinterpret pc=0x0000000002904f3c method=java.io.WinNTFileSystem.resolve(Ljava/lang/String;Ljava/lang/String;)Ljava/lang/String; @ 49
Event: 4.914 Thread 0x0000000059733000 Uncommon trap: reason=unstable_if action=reinterpret pc=0x0000000002801d60 method=java.net.URI.match(CJJ)Z @ 45
Event: 5.044 Thread 0x0000000059733000 Uncommon trap: reason=unstable_if action=reinterpret pc=0x0000000002b50b68 method=java.lang.AbstractStringBuilder.append(Ljava/lang/String;)Ljava/lang/AbstractStringBuilder; @ 1

Internal exceptions (10 events):
Event: 4.345 Thread 0x0000000059733000 Exception <a 'java/lang/ClassNotFoundException': org/gradle/api/internal/artifacts/repositories/DefaultMavenArtifactRepository_DecoratedCustomizer> (0x00000000e18a8138) thrown at [C:\re\workspace\8-2-build-windows-amd64-cygwin\jdk8u121\8372\hotspot\src\sh
Event: 4.463 Thread 0x0000000059733000 Exception <a 'java/lang/ClassNotFoundException': build_7y5831yk8m2jfudvhwmvnhhaxBeanInfo> (0x00000000e1f9c7d8) thrown at [C:\re\workspace\8-2-build-windows-amd64-cygwin\jdk8u121\8372\hotspot\src\share\vm\classfile\systemDictionary.cpp, line 210]
Event: 4.463 Thread 0x0000000059733000 Exception <a 'java/lang/ClassNotFoundException': org/gradle/api/internal/project/ProjectScriptBeanInfo> (0x00000000e1fab850) thrown at [C:\re\workspace\8-2-build-windows-amd64-cygwin\jdk8u121\8372\hotspot\src\share\vm\classfile\systemDictionary.cpp, line 
Event: 4.464 Thread 0x0000000059733000 Exception <a 'java/lang/ClassNotFoundException': org/gradle/api/internal/project/ProjectScriptCustomizer> (0x00000000e1fbac58) thrown at [C:\re\workspace\8-2-build-windows-amd64-cygwin\jdk8u121\8372\hotspot\src\share\vm\classfile\systemDictionary.cpp, lin
Event: 4.465 Thread 0x0000000059733000 Exception <a 'java/lang/ClassNotFoundException': build_7y5831yk8m2jfudvhwmvnhhaxCustomizer> (0x00000000e1fd8750) thrown at [C:\re\workspace\8-2-build-windows-amd64-cygwin\jdk8u121\8372\hotspot\src\share\vm\classfile\systemDictionary.cpp, line 210]
Event: 4.695 Thread 0x0000000059733000 Exception <a 'java/lang/ClassNotFoundException': org/gradle/api/internal/artifacts/dsl/dependencies/DefaultDependencyHandler_DecoratedBeanInfo> (0x00000000e2ae7758) thrown at [C:\re\workspace\8-2-build-windows-amd64-cygwin\jdk8u121\8372\hotspot\src\share\
Event: 4.697 Thread 0x0000000059733000 Exception <a 'java/lang/ClassNotFoundException': org/gradle/api/internal/artifacts/dsl/dependencies/DefaultDependencyHandlerBeanInfo> (0x00000000e2b119b8) thrown at [C:\re\workspace\8-2-build-windows-amd64-cygwin\jdk8u121\8372\hotspot\src\share\vm\classfi
Event: 4.698 Thread 0x0000000059733000 Exception <a 'java/lang/ClassNotFoundException': org/gradle/api/internal/artifacts/dsl/dependencies/DefaultDependencyHandlerCustomizer> (0x00000000e2b3c360) thrown at [C:\re\workspace\8-2-build-windows-amd64-cygwin\jdk8u121\8372\hotspot\src\share\vm\class
Event: 4.700 Thread 0x0000000059733000 Exception <a 'java/lang/ClassNotFoundException': org/gradle/api/internal/artifacts/dsl/dependencies/DefaultDependencyHandler_DecoratedCustomizer> (0x00000000e2b7a7e8) thrown at [C:\re\workspace\8-2-build-windows-amd64-cygwin\jdk8u121\8372\hotspot\src\shar
Event: 5.044 Thread 0x0000000059733000 Implicit null exception at 0x0000000002b5059a to 0x0000000002b50b4d

Events (10 events):
Event: 5.630 loading class org/apache/ivy/core/module/descriptor/ConfigurationAware
Event: 5.630 loading class org/apache/ivy/core/module/descriptor/ConfigurationAware done
Event: 5.631 loading class org/apache/ivy/core/module/id/ArtifactId
Event: 5.631 loading class org/apache/ivy/core/module/id/ArtifactId done
Event: 5.670 Thread 0x0000000059733000 DEOPT PACKING pc=0x0000000002825991 sp=0x000000005a9ea490
Event: 5.670 Thread 0x0000000059733000 DEOPT UNPACKING pc=0x00000000026f787f sp=0x000000005a9ea310 mode 0
Event: 5.752 Thread 0x0000000059733000 DEOPT PACKING pc=0x0000000002825991 sp=0x000000005a9ead30
Event: 5.752 Thread 0x0000000059733000 DEOPT UNPACKING pc=0x00000000026f787f sp=0x000000005a9eabb0 mode 0
Event: 5.826 Thread 0x0000000059733000 DEOPT PACKING pc=0x0000000002825991 sp=0x000000005a9eadb0
Event: 5.826 Thread 0x0000000059733000 DEOPT UNPACKING pc=0x00000000026f787f sp=0x000000005a9eac38 mode 0


Dynamic libraries:
0x000000013f590000 - 0x000000013f5c7000 	C:\Program Files\Java\jdk1.8.0_121\bin\java.exe
0x0000000076d50000 - 0x0000000076ef9000 	C:\Windows\SYSTEM32\ntdll.dll
0x0000000076c30000 - 0x0000000076d4f000 	C:\Windows\system32\kernel32.dll
0x000007fefcd70000 - 0x000007fefcddb000 	C:\Windows\system32\KERNELBASE.dll
0x000007fefe5e0000 - 0x000007fefe6bb000 	C:\Windows\system32\ADVAPI32.dll
0x000007fefd110000 - 0x000007fefd1af000 	C:\Windows\system32\msvcrt.dll
0x000007fefee60000 - 0x000007fefee7f000 	C:\Windows\SYSTEM32\sechost.dll
0x000007fefe6c0000 - 0x000007fefe7ed000 	C:\Windows\system32\RPCRT4.dll
0x0000000076b30000 - 0x0000000076c2a000 	C:\Windows\system32\USER32.dll
0x000007fefed60000 - 0x000007fefedc7000 	C:\Windows\system32\GDI32.dll
0x000007fefee20000 - 0x000007fefee2e000 	C:\Windows\system32\LPK.dll
0x000007fefd520000 - 0x000007fefd5e9000 	C:\Windows\system32\USP10.dll
0x000007fefb540000 - 0x000007fefb734000 	C:\Windows\WinSxS\amd64_microsoft.windows.common-controls_6595b64144ccf1df_6.0.7601.17514_none_fa396087175ac9ac\COMCTL32.dll
0x000007fefec80000 - 0x000007fefecf1000 	C:\Windows\system32\SHLWAPI.dll
0x000007fefee30000 - 0x000007fefee5e000 	C:\Windows\system32\IMM32.DLL
0x000007fefd1b0000 - 0x000007fefd2b9000 	C:\Windows\system32\MSCTF.dll
0x0000000071390000 - 0x0000000071462000 	C:\Program Files\Java\jdk1.8.0_121\jre\bin\msvcr100.dll
0x0000000067850000 - 0x00000000680eb000 	C:\Program Files\Java\jdk1.8.0_121\jre\bin\server\jvm.dll
0x000007fee8b70000 - 0x000007fee8b79000 	C:\Windows\system32\WSOCK32.dll
0x000007fefedd0000 - 0x000007fefee1d000 	C:\Windows\system32\WS2_32.dll
0x000007fefefb0000 - 0x000007fefefb8000 	C:\Windows\system32\NSI.dll
0x000007fef94f0000 - 0x000007fef952b000 	C:\Windows\system32\WINMM.dll
0x000007fefbe60000 - 0x000007fefbe6c000 	C:\Windows\system32\VERSION.dll
0x0000000076f10000 - 0x0000000076f17000 	C:\Windows\system32\PSAPI.DLL
0x00000000729e0000 - 0x00000000729ef000 	C:\Program Files\Java\jdk1.8.0_121\jre\bin\verify.dll
0x0000000071610000 - 0x0000000071639000 	C:\Program Files\Java\jdk1.8.0_121\jre\bin\java.dll
0x00000000715f0000 - 0x0000000071606000 	C:\Program Files\Java\jdk1.8.0_121\jre\bin\zip.dll
0x000007fefd770000 - 0x000007fefe4f8000 	C:\Windows\system32\SHELL32.dll
0x000007fefe9d0000 - 0x000007fefebd3000 	C:\Windows\system32\ole32.dll
0x000007fefcca0000 - 0x000007fefccaf000 	C:\Windows\system32\profapi.dll
0x000000006f020000 - 0x000000006f03a000 	C:\Program Files\Java\jdk1.8.0_121\jre\bin\net.dll
0x000007fefc510000 - 0x000007fefc565000 	C:\Windows\system32\mswsock.dll
0x000007fefc500000 - 0x000007fefc507000 	C:\Windows\System32\wship6.dll
0x000000006f000000 - 0x000000006f011000 	C:\Program Files\Java\jdk1.8.0_121\jre\bin\nio.dll
0x000007fee6330000 - 0x000007fee6342000 	C:\Users\welcome\.gradle\native\19\windows-amd64\native-platform.dll
0x000007fefc570000 - 0x000007fefc587000 	C:\Windows\system32\CRYPTSP.dll
0x000007fefc230000 - 0x000007fefc277000 	C:\Windows\system32\rsaenh.dll
0x000007fefc0b0000 - 0x000007fefc0ce000 	C:\Windows\system32\USERENV.dll
0x000007fefcbd0000 - 0x000007fefcbdf000 	C:\Windows\system32\CRYPTBASE.dll
0x000007fefbe30000 - 0x000007fefbe57000 	C:\Windows\system32\IPHLPAPI.DLL
0x000007fefbe20000 - 0x000007fefbe2b000 	C:\Windows\system32\WINNSI.DLL
0x000007fefbbc0000 - 0x000007fefbbd8000 	C:\Windows\system32\dhcpcsvc.DLL
0x000007fef9be0000 - 0x000007fef9bf1000 	C:\Windows\system32\dhcpcsvc6.DLL
0x000000006eff0000 - 0x000000006effd000 	C:\Program Files\Java\jdk1.8.0_121\jre\bin\management.dll
0x000007fefcb70000 - 0x000007fefcbc7000 	C:\Windows\system32\apphelp.dll
0x000007fef86d0000 - 0x000007fef87f5000 	C:\Windows\system32\dbghelp.dll

VM Arguments:
jvm_args: -Xmx1536m -Dfile.encoding=windows-1252 -Duser.country=US -Duser.language=en -Duser.variant 
java_command: org.gradle.launcher.daemon.bootstrap.GradleDaemon 2.14.1
java_class_path (initial): C:\Program Files\Android\Android Studio\gradle\gradle-2.14.1\lib\gradle-launcher-2.14.1.jar
Launcher Type: SUN_STANDARD

Environment Variables:
PATH=C:\ProgramData\Oracle\Java\javapath;C:\Windows\system32;C:\Windows;C:\Windows\System32\Wbem;C:\Windows\System32\WindowsPowerShell\v1.0\;C:\Program Files\Git\cmd;C:\Program Files\Java\jdk1.8.0_121\bin
USERNAME=welcome
OS=Windows_NT
PROCESSOR_IDENTIFIER=Intel64 Family 6 Model 58 Stepping 9, GenuineIntel



---------------  S Y S T E M  ---------------

OS: Windows 7 , 64 bit Build 7601 (6.1.7601.17514)

CPU:total 4 (2 cores per cpu, 2 threads per core) family 6 model 58 stepping 9, cmov, cx8, fxsr, mmx, sse, sse2, sse3, ssse3, sse4.1, sse4.2, popcnt, avx, clmul, erms, ht, tsc, tscinvbit, tscinv

Memory: 4k page, physical 4083996k(1636564k free), swap 8166148k(5354892k free)

vm_info: Java HotSpot(TM) 64-Bit Server VM (25.121-b13) for windows-amd64 JRE (1.8.0_121-b13), built on Dec 12 2016 18:21:36 by "java_re" with MS VC++ 10.0 (VS2010)

time: Tue Feb 07 16:39:27 2017
elapsed time: 5 seconds (0d 0h 0m 5s)

