#
# A fatal error has been detected by the Java Runtime Environment:
#
#  EXCEPTION_ACCESS_VIOLATION (0xc0000005) at pc=0x0000000067c79638, pid=3556, tid=0x0000000000000da8
#
# JRE version: Java(TM) SE Runtime Environment (8.0_121-b13) (build 1.8.0_121-b13)
# Java VM: Java HotSpot(TM) 64-Bit Server VM (25.121-b13 mixed mode windows-amd64 compressed oops)
# Problematic frame:
# V  [jvm.dll+0x429638]
#
# Failed to write core dump. Minidumps are not enabled by default on client versions of Windows
#
# If you would like to submit a bug report, please visit:
#   http://bugreport.java.com/bugreport/crash.jsp
#

---------------  T H R E A D  ---------------

Current thread (0x000000005772c800):  JavaThread "C1 CompilerThread2" daemon [_thread_in_native, id=3496, stack(0x0000000058250000,0x0000000058350000)]

siginfo: ExceptionCode=0xc0000005, reading address 0xffffffffffffffff

Registers:
RAX=0x000000005fa4e710, RBX=0x000000005834e530, RCX=0x000000000000074e, RDX=0x000000000000075e
RSP=0x000000005834e430, RBP=0x000000005fa4eea0, RSI=0x00000000ffffffff, RDI=0x0000000000000000
R8 =0x0000000057745090, R9 =0x0000000057745090, R10=0x00000000577450a0, R11=0x000800005fa4f070
R12=0x0000000000000000, R13=0x0000000057723ff0, R14=0x0000000056544fa0, R15=0x00000000565451a0
RIP=0x0000000067c79638, EFLAGS=0x0000000000010202

Top of Stack: (sp=0x000000005834e430)
0x000000005834e430:   000000005834e530 0000000067c76295
0x000000005834e440:   0000000000000004 00000000ffffffff
0x000000005834e450:   00000000ffffffff 000000005834e4a0
0x000000005834e460:   0000000057723ff0 00000000565451a0
0x000000005834e470:   0000000056544fa0 000000005834e530
0x000000005834e480:   000000005834e501 000000007fffffff
0x000000005834e490:   000000005fa4eea0 0000000067c7dee7
0x000000005834e4a0:   000000005fa4eea0 000000005fa4eea0
0x000000005834e4b0:   0000000057723ff0 0000000000000000
0x000000005834e4c0:   0000000057745001 0000000067c75aa7
0x000000005834e4d0:   000000000000074e 000000005834e530
0x000000005834e4e0:   000000005834e530 0000000000000001
0x000000005834e4f0:   0000000000000001 0000000002300158
0x000000005834e500:   000000005fa00c50 0000000067c7e650
0x000000005834e510:   00000000577450a0 00000000577450a0
0x000000005834e520:   00000000ffffffff 000000005fa24ed0 

Instructions: (pc=0x0000000067c79638)
0x0000000067c79618:   30 e8 72 d6 ff ff 48 8b d5 48 8b cb e8 07 d8 ff
0x0000000067c79628:   ff 4c 8b 9d 90 00 00 00 83 ce ff 4d 85 db 74 48
0x0000000067c79638:   41 8b 43 3c 85 c0 78 09 83 f8 28 0f 8c d2 00 00
0x0000000067c79648:   00 49 63 4b 60 85 c9 7e 2f 4c 8b c1 49 8b 4b 68 


Register to memory mapping:

RAX=0x000000005fa4e710 is an unknown value
RBX=0x000000005834e530 is pointing into the stack for thread: 0x000000005772c800
RCX=0x000000000000074e is an unknown value
RDX=0x000000000000075e is an unknown value
RSP=0x000000005834e430 is pointing into the stack for thread: 0x000000005772c800
RBP=0x000000005fa4eea0 is an unknown value
RSI=0x00000000ffffffff is an unallocated location in the heap
RDI=0x0000000000000000 is an unknown value
R8 =0x0000000057745090 is an unknown value
R9 =0x0000000057745090 is an unknown value
R10=0x00000000577450a0 is an unknown value
R11=0x000800005fa4f070 is an unknown value
R12=0x0000000000000000 is an unknown value
R13=0x0000000057723ff0 is an unknown value
R14=0x0000000056544fa0 is an unknown value
R15=0x00000000565451a0 is an unknown value


Stack: [0x0000000058250000,0x0000000058350000],  sp=0x000000005834e430,  free space=1017k
Native frames: (J=compiled Java code, j=interpreted, Vv=VM code, C=native code)
V  [jvm.dll+0x429638]
V  [jvm.dll+0x42dee7]
V  [jvm.dll+0x425aa7]
V  [jvm.dll+0x42e650]
V  [jvm.dll+0x42ffd2]
V  [jvm.dll+0x40e500]
V  [jvm.dll+0x40e8d0]
V  [jvm.dll+0x40ea02]
V  [jvm.dll+0x40ebd1]
V  [jvm.dll+0x40eddf]
V  [jvm.dll+0xa5ca2]
V  [jvm.dll+0xa65df]
V  [jvm.dll+0x244e1f]
V  [jvm.dll+0x29c69a]
C  [msvcr100.dll+0x21d9f]
C  [msvcr100.dll+0x21e3b]
C  [kernel32.dll+0x1652d]
C  [ntdll.dll+0x2c521]


Current CompileTask:
C1:   5497 2151       3       org.apache.xerces.impl.io.UTF8Reader::read (1402 bytes)


---------------  P R O C E S S  ---------------

Java Threads: ( => current thread )
  0x000000005b2bc800 JavaThread "File lock request listener" [_thread_in_native, id=796, stack(0x000000005e830000,0x000000005e930000)]
  0x00000000592f6800 JavaThread "Stdin handler" [_thread_blocked, id=4400, stack(0x000000005ab30000,0x000000005ac30000)]
  0x00000000592ea800 JavaThread "Asynchronous log dispatcher for org.gradle.launcher.daemon.server.DefaultDaemonConnection@711e89f1" [_thread_blocked, id=208, stack(0x0000000058120000,0x0000000058220000)]
  0x0000000059344800 JavaThread "Daemon worker" [_thread_in_vm, id=1752, stack(0x000000005a8d0000,0x000000005a9d0000)]
  0x000000005933f000 JavaThread "Cancel handler" [_thread_blocked, id=4092, stack(0x0000000059fe0000,0x000000005a0e0000)]
  0x00000000592b3000 JavaThread "Handler for socket connection from /127.0.0.1:49237 to /127.0.0.1:49238" [_thread_in_native, id=3404, stack(0x000000005a780000,0x000000005a880000)]
  0x00000000592cc000 JavaThread "Daemon" [_thread_blocked, id=4200, stack(0x000000005a590000,0x000000005a690000)]
  0x0000000059009800 JavaThread "Incoming local TCP Connector on port 49237" [_thread_in_native, id=4372, stack(0x000000005a220000,0x000000005a320000)]
  0x000000005923f800 JavaThread "pool-1-thread-1" [_thread_blocked, id=3272, stack(0x000000005a0f0000,0x000000005a1f0000)]
  0x00000000577a8800 JavaThread "Service Thread" daemon [_thread_blocked, id=2656, stack(0x00000000584c0000,0x00000000585c0000)]
=>0x000000005772c800 JavaThread "C1 CompilerThread2" daemon [_thread_in_native, id=3496, stack(0x0000000058250000,0x0000000058350000)]
  0x000000005772a800 JavaThread "C2 CompilerThread1" daemon [_thread_in_native, id=356, stack(0x0000000057b20000,0x0000000057c20000)]
  0x0000000057725000 JavaThread "C2 CompilerThread0" daemon [_thread_in_native, id=3440, stack(0x0000000058010000,0x0000000058110000)]
  0x0000000057721000 JavaThread "Attach Listener" daemon [_thread_blocked, id=3800, stack(0x0000000057e50000,0x0000000057f50000)]
  0x0000000056544000 JavaThread "Signal Dispatcher" daemon [_thread_blocked, id=1392, stack(0x0000000057d10000,0x0000000057e10000)]
  0x0000000056529000 JavaThread "Finalizer" daemon [_thread_blocked, id=3608, stack(0x0000000057620000,0x0000000057720000)]
  0x00000000564e2000 JavaThread "Reference Handler" daemon [_thread_blocked, id=2032, stack(0x0000000057400000,0x0000000057500000)]
  0x000000000230d800 JavaThread "main" [_thread_blocked, id=2824, stack(0x00000000023c0000,0x00000000024c0000)]

Other Threads:
  0x00000000564da000 VMThread [stack: 0x0000000057500000,0x0000000057600000] [id=376]
  0x00000000577bc000 WatcherThread [stack: 0x00000000583c0000,0x00000000584c0000] [id=1736]

VM state:not at safepoint (normal execution)

VM Mutex/Monitor currently owned by a thread: None

Heap:
 PSYoungGen      total 74240K, used 23711K [0x00000000e0000000, 0x00000000e8000000, 0x0000000100000000)
  eden space 65536K, 24% used [0x00000000e0000000,0x00000000e0fec078,0x00000000e4000000)
  from space 8704K, 85% used [0x00000000e4000000,0x00000000e473bc70,0x00000000e4880000)
  to   space 9216K, 0% used [0x00000000e7700000,0x00000000e7700000,0x00000000e8000000)
 ParOldGen       total 38400K, used 11347K [0x00000000a0000000, 0x00000000a2580000, 0x00000000e0000000)
  object space 38400K, 29% used [0x00000000a0000000,0x00000000a0b14c38,0x00000000a2580000)
 Metaspace       used 27474K, capacity 28024K, committed 28160K, reserved 1073152K
  class space    used 3879K, capacity 4034K, committed 4096K, reserved 1048576K

Card table byte_map: [0x0000000011bf0000,0x0000000011f00000] byte_map_base: 0x00000000116f0000

Marking Bits: (ParMarkBitMap*) 0x000000006806b6d0
 Begin Bits: [0x0000000012850000, 0x0000000014050000)
 End Bits:   [0x0000000014050000, 0x0000000015850000)

Polling page: 0x00000000001d0000

CodeCache: size=245760Kb used=7993Kb max_used=7993Kb free=237767Kb
 bounds [0x0000000002830000, 0x0000000003010000, 0x0000000011830000]
 total_blobs=2771 nmethods=2131 adapters=552
 compilation: enabled

Compilation events (10 events):
Event: 5.463 Thread 0x000000005772c800 nmethod 2146 0x0000000002fffe50 code [0x0000000002ffffc0, 0x0000000003000290]
Event: 5.463 Thread 0x000000005772c800 2147       3       java.util.AbstractSequentialList::<init> (5 bytes)
Event: 5.463 Thread 0x000000005772c800 nmethod 2147 0x00000000030003d0 code [0x0000000003000540, 0x00000000030007b0]
Event: 5.464 Thread 0x000000005772c800 2148       3       org.apache.xerces.dom.CharacterDataImpl::getNodeValue (16 bytes)
Event: 5.464 Thread 0x000000005772c800 nmethod 2148 0x00000000030008d0 code [0x0000000003000a40, 0x0000000003000dc8]
Event: 5.465 Thread 0x000000005772c800 2149       1       org.apache.ivy.core.module.id.ModuleRevisionId::getModuleId (5 bytes)
Event: 5.465 Thread 0x000000005772c800 nmethod 2149 0x0000000003000e90 code [0x0000000003000fe0, 0x00000000030010f0]
Event: 5.467 Thread 0x000000005772c800 2150       1       java.net.URLConnection::getUseCaches (5 bytes)
Event: 5.467 Thread 0x000000005772c800 nmethod 2150 0x0000000003001150 code [0x00000000030012a0, 0x00000000030013b0]
Event: 5.469 Thread 0x000000005772c800 2151       3       org.apache.xerces.impl.io.UTF8Reader::read (1402 bytes)

GC Heap History (10 events):
Event: 2.085 GC heap before
{Heap before GC invocations=4 (full 0):
 PSYoungGen      total 18944K, used 18912K [0x00000000e0000000, 0x00000000e2500000, 0x0000000100000000)
  eden space 16384K, 100% used [0x00000000e0000000,0x00000000e1000000,0x00000000e1000000)
  from space 2560K, 98% used [0x00000000e1000000,0x00000000e1278020,0x00000000e1280000)
  to   space 2560K, 0% used [0x00000000e2280000,0x00000000e2280000,0x00000000e2500000)
 ParOldGen       total 44032K, used 2181K [0x00000000a0000000, 0x00000000a2b00000, 0x00000000e0000000)
  object space 44032K, 4% used [0x00000000a0000000,0x00000000a02216d8,0x00000000a2b00000)
 Metaspace       used 13027K, capacity 13402K, committed 13440K, reserved 1060864K
  class space    used 1788K, capacity 1885K, committed 1920K, reserved 1048576K
Event: 2.124 GC heap after
Heap after GC invocations=4 (full 0):
 PSYoungGen      total 35328K, used 2560K [0x00000000e0000000, 0x00000000e2500000, 0x0000000100000000)
  eden space 32768K, 0% used [0x00000000e0000000,0x00000000e0000000,0x00000000e2000000)
  from space 2560K, 100% used [0x00000000e2280000,0x00000000e2500000,0x00000000e2500000)
  to   space 2560K, 0% used [0x00000000e2000000,0x00000000e2000000,0x00000000e2280000)
 ParOldGen       total 44032K, used 4116K [0x00000000a0000000, 0x00000000a2b00000, 0x00000000e0000000)
  object space 44032K, 9% used [0x00000000a0000000,0x00000000a04052a8,0x00000000a2b00000)
 Metaspace       used 13027K, capacity 13402K, committed 13440K, reserved 1060864K
  class space    used 1788K, capacity 1885K, committed 1920K, reserved 1048576K
}
Event: 3.115 GC heap before
{Heap before GC invocations=5 (full 0):
 PSYoungGen      total 35328K, used 35204K [0x00000000e0000000, 0x00000000e2500000, 0x0000000100000000)
  eden space 32768K, 99% used [0x00000000e0000000,0x00000000e1fe12b0,0x00000000e2000000)
  from space 2560K, 100% used [0x00000000e2280000,0x00000000e2500000,0x00000000e2500000)
  to   space 2560K, 0% used [0x00000000e2000000,0x00000000e2000000,0x00000000e2280000)
 ParOldGen       total 44032K, used 4116K [0x00000000a0000000, 0x00000000a2b00000, 0x00000000e0000000)
  object space 44032K, 9% used [0x00000000a0000000,0x00000000a04052a8,0x00000000a2b00000)
 Metaspace       used 18808K, capacity 19166K, committed 19456K, reserved 1067008K
  class space    used 2574K, capacity 2693K, committed 2816K, reserved 1048576K
Event: 3.140 GC heap after
Heap after GC invocations=5 (full 0):
 PSYoungGen      total 35328K, used 2544K [0x00000000e0000000, 0x00000000e5200000, 0x0000000100000000)
  eden space 32768K, 0% used [0x00000000e0000000,0x00000000e0000000,0x00000000e2000000)
  from space 2560K, 99% used [0x00000000e2000000,0x00000000e227c010,0x00000000e2280000)
  to   space 9216K, 0% used [0x00000000e4900000,0x00000000e4900000,0x00000000e5200000)
 ParOldGen       total 44032K, used 10484K [0x00000000a0000000, 0x00000000a2b00000, 0x00000000e0000000)
  object space 44032K, 23% used [0x00000000a0000000,0x00000000a0a3d2d8,0x00000000a2b00000)
 Metaspace       used 18808K, capacity 19166K, committed 19456K, reserved 1067008K
  class space    used 2574K, capacity 2693K, committed 2816K, reserved 1048576K
}
Event: 3.548 GC heap before
{Heap before GC invocations=6 (full 0):
 PSYoungGen      total 35328K, used 22405K [0x00000000e0000000, 0x00000000e5200000, 0x0000000100000000)
  eden space 32768K, 60% used [0x00000000e0000000,0x00000000e13655a0,0x00000000e2000000)
  from space 2560K, 99% used [0x00000000e2000000,0x00000000e227c010,0x00000000e2280000)
  to   space 9216K, 0% used [0x00000000e4900000,0x00000000e4900000,0x00000000e5200000)
 ParOldGen       total 44032K, used 10484K [0x00000000a0000000, 0x00000000a2b00000, 0x00000000e0000000)
  object space 44032K, 23% used [0x00000000a0000000,0x00000000a0a3d2d8,0x00000000a2b00000)
 Metaspace       used 20873K, capacity 21218K, committed 21296K, reserved 1067008K
  class space    used 2805K, capacity 2924K, committed 2944K, reserved 1048576K
Event: 3.669 GC heap after
Heap after GC invocations=6 (full 0):
 PSYoungGen      total 73728K, used 4880K [0x00000000e0000000, 0x00000000e5100000, 0x0000000100000000)
  eden space 65536K, 0% used [0x00000000e0000000,0x00000000e0000000,0x00000000e4000000)
  from space 8192K, 59% used [0x00000000e4900000,0x00000000e4dc40b0,0x00000000e5100000)
  to   space 8704K, 0% used [0x00000000e4000000,0x00000000e4000000,0x00000000e4880000)
 ParOldGen       total 44032K, used 10484K [0x00000000a0000000, 0x00000000a2b00000, 0x00000000e0000000)
  object space 44032K, 23% used [0x00000000a0000000,0x00000000a0a3d2d8,0x00000000a2b00000)
 Metaspace       used 20873K, capacity 21218K, committed 21296K, reserved 1067008K
  class space    used 2805K, capacity 2924K, committed 2944K, reserved 1048576K
}
Event: 3.669 GC heap before
{Heap before GC invocations=7 (full 1):
 PSYoungGen      total 73728K, used 4880K [0x00000000e0000000, 0x00000000e5100000, 0x0000000100000000)
  eden space 65536K, 0% used [0x00000000e0000000,0x00000000e0000000,0x00000000e4000000)
  from space 8192K, 59% used [0x00000000e4900000,0x00000000e4dc40b0,0x00000000e5100000)
  to   space 8704K, 0% used [0x00000000e4000000,0x00000000e4000000,0x00000000e4880000)
 ParOldGen       total 44032K, used 10484K [0x00000000a0000000, 0x00000000a2b00000, 0x00000000e0000000)
  object space 44032K, 23% used [0x00000000a0000000,0x00000000a0a3d2d8,0x00000000a2b00000)
 Metaspace       used 20873K, capacity 21218K, committed 21296K, reserved 1067008K
  class space    used 2805K, capacity 2924K, committed 2944K, reserved 1048576K
Event: 3.776 GC heap after
Heap after GC invocations=7 (full 1):
 PSYoungGen      total 73728K, used 0K [0x00000000e0000000, 0x00000000e5100000, 0x0000000100000000)
  eden space 65536K, 0% used [0x00000000e0000000,0x00000000e0000000,0x00000000e4000000)
  from space 8192K, 0% used [0x00000000e4900000,0x00000000e4900000,0x00000000e5100000)
  to   space 8704K, 0% used [0x00000000e4000000,0x00000000e4000000,0x00000000e4880000)
 ParOldGen       total 38400K, used 11339K [0x00000000a0000000, 0x00000000a2580000, 0x00000000e0000000)
  object space 38400K, 29% used [0x00000000a0000000,0x00000000a0b12c38,0x00000000a2580000)
 Metaspace       used 20873K, capacity 21218K, committed 21296K, reserved 1067008K
  class space    used 2805K, capacity 2924K, committed 2944K, reserved 1048576K
}
Event: 5.022 GC heap before
{Heap before GC invocations=8 (full 1):
 PSYoungGen      total 73728K, used 65536K [0x00000000e0000000, 0x00000000e5100000, 0x0000000100000000)
  eden space 65536K, 100% used [0x00000000e0000000,0x00000000e4000000,0x00000000e4000000)
  from space 8192K, 0% used [0x00000000e4900000,0x00000000e4900000,0x00000000e5100000)
  to   space 8704K, 0% used [0x00000000e4000000,0x00000000e4000000,0x00000000e4880000)
 ParOldGen       total 38400K, used 11339K [0x00000000a0000000, 0x00000000a2580000, 0x00000000e0000000)
  object space 38400K, 29% used [0x00000000a0000000,0x00000000a0b12c38,0x00000000a2580000)
 Metaspace       used 25990K, capacity 26488K, committed 26624K, reserved 1073152K
  class space    used 3663K, capacity 3778K, committed 3840K, reserved 1048576K
Event: 5.077 GC heap after
Heap after GC invocations=8 (full 1):
 PSYoungGen      total 74240K, used 7407K [0x00000000e0000000, 0x00000000e8000000, 0x0000000100000000)
  eden space 65536K, 0% used [0x00000000e0000000,0x00000000e0000000,0x00000000e4000000)
  from space 8704K, 85% used [0x00000000e4000000,0x00000000e473bc70,0x00000000e4880000)
  to   space 9216K, 0% used [0x00000000e7700000,0x00000000e7700000,0x00000000e8000000)
 ParOldGen       total 38400K, used 11347K [0x00000000a0000000, 0x00000000a2580000, 0x00000000e0000000)
  object space 38400K, 29% used [0x00000000a0000000,0x00000000a0b14c38,0x00000000a2580000)
 Metaspace       used 25990K, capacity 26488K, committed 26624K, reserved 1073152K
  class space    used 3663K, capacity 3778K, committed 3840K, reserved 1048576K
}

Deoptimization events (10 events):
Event: 3.515 Thread 0x0000000059344800 Uncommon trap: reason=unstable_if action=reinterpret pc=0x0000000002c429a8 method=java.util.HashMap.hash(Ljava/lang/Object;)I @ 1
Event: 3.515 Thread 0x0000000059344800 Uncommon trap: reason=unstable_if action=reinterpret pc=0x0000000002c53ac0 method=java.util.HashMap.putVal(ILjava/lang/Object;Ljava/lang/Object;ZZ)Ljava/lang/Object; @ 85
Event: 3.546 Thread 0x0000000059344800 Uncommon trap: reason=class_check action=maybe_recompile pc=0x0000000002c9b8f0 method=java.lang.reflect.Method.equals(Ljava/lang/Object;)Z @ 5
Event: 3.777 Thread 0x0000000059344800 Uncommon trap: reason=class_check action=maybe_recompile pc=0x0000000002c9b8f0 method=java.lang.reflect.Method.equals(Ljava/lang/Object;)Z @ 5
Event: 3.909 Thread 0x0000000059344800 Uncommon trap: reason=unstable_if action=reinterpret pc=0x0000000002b19a60 method=java.util.LinkedHashMap.afterNodeInsertion(Z)V @ 1
Event: 3.940 Thread 0x0000000059344800 Uncommon trap: reason=class_check action=maybe_recompile pc=0x0000000002c9b8f0 method=java.lang.reflect.Method.equals(Ljava/lang/Object;)Z @ 5
Event: 3.941 Thread 0x0000000059344800 Uncommon trap: reason=class_check action=maybe_recompile pc=0x0000000002c9b8f0 method=java.lang.reflect.Method.equals(Ljava/lang/Object;)Z @ 5
Event: 4.185 Thread 0x0000000059344800 Uncommon trap: reason=unstable_if action=reinterpret pc=0x0000000002a8c8fc method=java.io.WinNTFileSystem.resolve(Ljava/lang/String;Ljava/lang/String;)Ljava/lang/String; @ 49
Event: 4.891 Thread 0x0000000059344800 Uncommon trap: reason=unstable_if action=reinterpret pc=0x00000000029820a0 method=java.net.URI.match(CJJ)Z @ 45
Event: 4.996 Thread 0x0000000059344800 Uncommon trap: reason=unstable_if action=reinterpret pc=0x0000000002ce3270 method=java.lang.AbstractStringBuilder.append(Ljava/lang/String;)Ljava/lang/AbstractStringBuilder; @ 1

Internal exceptions (10 events):
Event: 4.323 Thread 0x0000000059344800 Exception <a 'java/lang/ClassNotFoundException': org/gradle/api/internal/artifacts/repositories/DefaultMavenArtifactRepository_DecoratedCustomizer> (0x00000000e1698c20) thrown at [C:\re\workspace\8-2-build-windows-amd64-cygwin\jdk8u121\8372\hotspot\src\sh
Event: 4.438 Thread 0x0000000059344800 Exception <a 'java/lang/ClassNotFoundException': build_7y5831yk8m2jfudvhwmvnhhaxBeanInfo> (0x00000000e1d8d498) thrown at [C:\re\workspace\8-2-build-windows-amd64-cygwin\jdk8u121\8372\hotspot\src\share\vm\classfile\systemDictionary.cpp, line 210]
Event: 4.439 Thread 0x0000000059344800 Exception <a 'java/lang/ClassNotFoundException': org/gradle/api/internal/project/ProjectScriptBeanInfo> (0x00000000e1d9c510) thrown at [C:\re\workspace\8-2-build-windows-amd64-cygwin\jdk8u121\8372\hotspot\src\share\vm\classfile\systemDictionary.cpp, line 
Event: 4.439 Thread 0x0000000059344800 Exception <a 'java/lang/ClassNotFoundException': org/gradle/api/internal/project/ProjectScriptCustomizer> (0x00000000e1dab918) thrown at [C:\re\workspace\8-2-build-windows-amd64-cygwin\jdk8u121\8372\hotspot\src\share\vm\classfile\systemDictionary.cpp, lin
Event: 4.441 Thread 0x0000000059344800 Exception <a 'java/lang/ClassNotFoundException': build_7y5831yk8m2jfudvhwmvnhhaxCustomizer> (0x00000000e1dc9510) thrown at [C:\re\workspace\8-2-build-windows-amd64-cygwin\jdk8u121\8372\hotspot\src\share\vm\classfile\systemDictionary.cpp, line 210]
Event: 4.673 Thread 0x0000000059344800 Exception <a 'java/lang/ClassNotFoundException': org/gradle/api/internal/artifacts/dsl/dependencies/DefaultDependencyHandler_DecoratedBeanInfo> (0x00000000e28dcb58) thrown at [C:\re\workspace\8-2-build-windows-amd64-cygwin\jdk8u121\8372\hotspot\src\share\
Event: 4.674 Thread 0x0000000059344800 Exception <a 'java/lang/ClassNotFoundException': org/gradle/api/internal/artifacts/dsl/dependencies/DefaultDependencyHandlerBeanInfo> (0x00000000e2906db8) thrown at [C:\re\workspace\8-2-build-windows-amd64-cygwin\jdk8u121\8372\hotspot\src\share\vm\classfi
Event: 4.675 Thread 0x0000000059344800 Exception <a 'java/lang/ClassNotFoundException': org/gradle/api/internal/artifacts/dsl/dependencies/DefaultDependencyHandlerCustomizer> (0x00000000e2931760) thrown at [C:\re\workspace\8-2-build-windows-amd64-cygwin\jdk8u121\8372\hotspot\src\share\vm\class
Event: 4.677 Thread 0x0000000059344800 Exception <a 'java/lang/ClassNotFoundException': org/gradle/api/internal/artifacts/dsl/dependencies/DefaultDependencyHandler_DecoratedCustomizer> (0x00000000e296ff10) thrown at [C:\re\workspace\8-2-build-windows-amd64-cygwin\jdk8u121\8372\hotspot\src\shar
Event: 4.996 Thread 0x0000000059344800 Implicit null exception at 0x0000000002ce2d11 to 0x0000000002ce3261

Events (10 events):
Event: 5.402 loading class org/gradle/api/internal/artifacts/ivyservice/ivyresolve/RepositoryChainComponentMetaDataResolver$1
Event: 5.402 loading class org/gradle/api/internal/artifacts/ivyservice/ivyresolve/RepositoryChainComponentMetaDataResolver$1 done
Event: 5.403 loading class org/gradle/api/internal/artifacts/ivyservice/ivyresolve/RepositoryChainModuleResolution
Event: 5.403 loading class org/gradle/api/internal/artifacts/ivyservice/ivyresolve/RepositoryChainModuleResolution done
Event: 5.403 loading class org/gradle/api/internal/artifacts/ivyservice/ivyresolve/RepositoryChainModuleSource
Event: 5.403 loading class org/gradle/api/internal/artifacts/ivyservice/ivyresolve/RepositoryChainModuleSource done
Event: 5.404 loading class org/gradle/internal/component/model/AbstractModuleDescriptorBackedMetaData$DefaultConfigurationMetaData
Event: 5.404 loading class org/gradle/internal/component/model/AbstractModuleDescriptorBackedMetaData$DefaultConfigurationMetaData done
Event: 5.406 loading class org/gradle/internal/component/model/DefaultDependencyMetaData
Event: 5.406 loading class org/gradle/internal/component/model/DefaultDependencyMetaData done


Dynamic libraries:
0x000000013f880000 - 0x000000013f8b7000 	C:\Program Files\Java\jdk1.8.0_121\bin\java.exe
0x0000000076d50000 - 0x0000000076ef9000 	C:\Windows\SYSTEM32\ntdll.dll
0x0000000076c30000 - 0x0000000076d4f000 	C:\Windows\system32\kernel32.dll
0x000007fefcd70000 - 0x000007fefcddb000 	C:\Windows\system32\KERNELBASE.dll
0x000007fefe5e0000 - 0x000007fefe6bb000 	C:\Windows\system32\ADVAPI32.dll
0x000007fefd110000 - 0x000007fefd1af000 	C:\Windows\system32\msvcrt.dll
0x000007fefee60000 - 0x000007fefee7f000 	C:\Windows\SYSTEM32\sechost.dll
0x000007fefe6c0000 - 0x000007fefe7ed000 	C:\Windows\system32\RPCRT4.dll
0x0000000076b30000 - 0x0000000076c2a000 	C:\Windows\system32\USER32.dll
0x000007fefed60000 - 0x000007fefedc7000 	C:\Windows\system32\GDI32.dll
0x000007fefee20000 - 0x000007fefee2e000 	C:\Windows\system32\LPK.dll
0x000007fefd520000 - 0x000007fefd5e9000 	C:\Windows\system32\USP10.dll
0x000007fefb540000 - 0x000007fefb734000 	C:\Windows\WinSxS\amd64_microsoft.windows.common-controls_6595b64144ccf1df_6.0.7601.17514_none_fa396087175ac9ac\COMCTL32.dll
0x000007fefec80000 - 0x000007fefecf1000 	C:\Windows\system32\SHLWAPI.dll
0x000007fefee30000 - 0x000007fefee5e000 	C:\Windows\system32\IMM32.DLL
0x000007fefd1b0000 - 0x000007fefd2b9000 	C:\Windows\system32\MSCTF.dll
0x0000000071390000 - 0x0000000071462000 	C:\Program Files\Java\jdk1.8.0_121\jre\bin\msvcr100.dll
0x0000000067850000 - 0x00000000680eb000 	C:\Program Files\Java\jdk1.8.0_121\jre\bin\server\jvm.dll
0x000007fee8b70000 - 0x000007fee8b79000 	C:\Windows\system32\WSOCK32.dll
0x000007fefedd0000 - 0x000007fefee1d000 	C:\Windows\system32\WS2_32.dll
0x000007fefefb0000 - 0x000007fefefb8000 	C:\Windows\system32\NSI.dll
0x000007fef94f0000 - 0x000007fef952b000 	C:\Windows\system32\WINMM.dll
0x000007fefbe60000 - 0x000007fefbe6c000 	C:\Windows\system32\VERSION.dll
0x0000000076f10000 - 0x0000000076f17000 	C:\Windows\system32\PSAPI.DLL
0x00000000729e0000 - 0x00000000729ef000 	C:\Program Files\Java\jdk1.8.0_121\jre\bin\verify.dll
0x0000000071610000 - 0x0000000071639000 	C:\Program Files\Java\jdk1.8.0_121\jre\bin\java.dll
0x00000000715f0000 - 0x0000000071606000 	C:\Program Files\Java\jdk1.8.0_121\jre\bin\zip.dll
0x000007fefd770000 - 0x000007fefe4f8000 	C:\Windows\system32\SHELL32.dll
0x000007fefe9d0000 - 0x000007fefebd3000 	C:\Windows\system32\ole32.dll
0x000007fefcca0000 - 0x000007fefccaf000 	C:\Windows\system32\profapi.dll
0x000000006f020000 - 0x000000006f03a000 	C:\Program Files\Java\jdk1.8.0_121\jre\bin\net.dll
0x000007fefc510000 - 0x000007fefc565000 	C:\Windows\system32\mswsock.dll
0x000007fefc500000 - 0x000007fefc507000 	C:\Windows\System32\wship6.dll
0x000000006f000000 - 0x000000006f011000 	C:\Program Files\Java\jdk1.8.0_121\jre\bin\nio.dll
0x000007fee6330000 - 0x000007fee6342000 	C:\Users\welcome\.gradle\native\19\windows-amd64\native-platform.dll
0x000007fefc570000 - 0x000007fefc587000 	C:\Windows\system32\CRYPTSP.dll
0x000007fefc230000 - 0x000007fefc277000 	C:\Windows\system32\rsaenh.dll
0x000007fefc0b0000 - 0x000007fefc0ce000 	C:\Windows\system32\USERENV.dll
0x000007fefcbd0000 - 0x000007fefcbdf000 	C:\Windows\system32\CRYPTBASE.dll
0x000007fefbe30000 - 0x000007fefbe57000 	C:\Windows\system32\IPHLPAPI.DLL
0x000007fefbe20000 - 0x000007fefbe2b000 	C:\Windows\system32\WINNSI.DLL
0x000007fefbbc0000 - 0x000007fefbbd8000 	C:\Windows\system32\dhcpcsvc.DLL
0x000007fef9be0000 - 0x000007fef9bf1000 	C:\Windows\system32\dhcpcsvc6.DLL
0x000000006eff0000 - 0x000000006effd000 	C:\Program Files\Java\jdk1.8.0_121\jre\bin\management.dll
0x000007fefcb70000 - 0x000007fefcbc7000 	C:\Windows\system32\apphelp.dll
0x000007fef86d0000 - 0x000007fef87f5000 	C:\Windows\system32\dbghelp.dll

VM Arguments:
jvm_args: -Xmx1536m -Dfile.encoding=windows-1252 -Duser.country=US -Duser.language=en -Duser.variant 
java_command: org.gradle.launcher.daemon.bootstrap.GradleDaemon 2.14.1
java_class_path (initial): C:\Program Files\Android\Android Studio\gradle\gradle-2.14.1\lib\gradle-launcher-2.14.1.jar
Launcher Type: SUN_STANDARD

Environment Variables:
PATH=C:\ProgramData\Oracle\Java\javapath;C:\Windows\system32;C:\Windows;C:\Windows\System32\Wbem;C:\Windows\System32\WindowsPowerShell\v1.0\;C:\Program Files\Git\cmd;C:\Program Files\Java\jdk1.8.0_121\bin
USERNAME=welcome
OS=Windows_NT
PROCESSOR_IDENTIFIER=Intel64 Family 6 Model 58 Stepping 9, GenuineIntel



---------------  S Y S T E M  ---------------

OS: Windows 7 , 64 bit Build 7601 (6.1.7601.17514)

CPU:total 4 (2 cores per cpu, 2 threads per core) family 6 model 58 stepping 9, cmov, cx8, fxsr, mmx, sse, sse2, sse3, ssse3, sse4.1, sse4.2, popcnt, avx, clmul, erms, ht, tsc, tscinvbit, tscinv

Memory: 4k page, physical 4083996k(1646708k free), swap 8166148k(5346596k free)

vm_info: Java HotSpot(TM) 64-Bit Server VM (25.121-b13) for windows-amd64 JRE (1.8.0_121-b13), built on Dec 12 2016 18:21:36 by "java_re" with MS VC++ 10.0 (VS2010)

time: Tue Feb 07 16:40:00 2017
elapsed time: 5 seconds (0d 0h 0m 5s)

