#
# A fatal error has been detected by the Java Runtime Environment:
#
#  EXCEPTION_ACCESS_VIOLATION (0xc0000005) at pc=0x0000000067416d1b, pid=3488, tid=0x0000000000001360
#
# JRE version: Java(TM) SE Runtime Environment (8.0_121-b13) (build 1.8.0_121-b13)
# Java VM: Java HotSpot(TM) 64-Bit Server VM (25.121-b13 mixed mode windows-amd64 compressed oops)
# Problematic frame:
# V  [jvm.dll+0x466d1b]
#
# Failed to write core dump. Minidumps are not enabled by default on client versions of Windows
#
# If you would like to submit a bug report, please visit:
#   http://bugreport.java.com/bugreport/crash.jsp
#

---------------  T H R E A D  ---------------

Current thread (0x0000000057875000):  JavaThread "C2 CompilerThread0" daemon [_thread_in_native, id=4960, stack(0x0000000058020000,0x0000000058120000)]

siginfo: ExceptionCode=0xc0000005, reading address 0x00000000619eeaa0

Registers:
RAX=0x00000000d5555555, RBX=0x000000006078bc10, RCX=0x000000005811c640, RDX=0x0000000000d70000
RSP=0x000000005811c1c0, RBP=0x000000005811c220, RSI=0x0000000000000000, RDI=0x000000005811c640
R8 =0x000000005e42eaa0, R9 =0x0000000000000000, R10=0x0000000000000000, R11=0x000000006078bc48
R12=0x000000006078bc10, R13=0x0000000000007530, R14=0x0000000066fb0000, R15=0x0000000000000000
RIP=0x0000000067416d1b, EFLAGS=0x0000000000010246

Top of Stack: (sp=0x000000005811c1c0)
0x000000005811c1c0:   0000000060269cf0 000000006037e550
0x000000005811c1d0:   000000005811c640 000000005811c350
0x000000005811c1e0:   00003b0d00000000 0000000000000008
0x000000005811c1f0:   000000005c5ed4e0 0000000000000043
0x000000005811c200:   000000005ccf1b88 0000000000000043
0x000000005811c210:   0000000060269ed0 000000005ccf1540
0x000000005811c220:   ffffffffffffffff 0000000000000000
0x000000005811c230:   000000005811c640 0000000067417107
0x000000005811c240:   000000006078bc10 000000006078bc10
0x000000005811c250:   0000000000139e80 0000000000139e80
0x000000005811c260:   00003b0d00000000 0000000000000008
0x000000005811c270:   000000005c5ed4e0 0000000000000043
0x000000005811c280:   000000005ccf1b88 0000000000000043
0x000000005811c290:   0000000060269ed0 0000000000000000
0x000000005811c2a0:   0000000058af9b98 0000000000000000
0x000000005811c2b0:   00000000000003d8 0000000058af97c0 

Instructions: (pc=0x0000000067416d1b)
0x0000000067416cfb:   ca 41 23 c9 3b ca 0f 85 4b ff ff ff 41 8b c1 e9
0x0000000067416d0b:   11 02 00 00 49 63 54 24 24 4c 8b 87 08 01 00 00
0x0000000067416d1b:   41 8b 1c 90 3b da 74 33 8b cb 48 63 c3 41 8b 1c
0x0000000067416d2b:   80 3b d9 75 f3 3b d3 74 20 66 66 66 66 0f 1f 84 


Register to memory mapping:

RAX=0x00000000d5555555 is an unallocated location in the heap
RBX=0x000000006078bc10 is an unknown value
RCX=0x000000005811c640 is pointing into the stack for thread: 0x0000000057875000
RDX=0x0000000000d70000 is an unknown value
RSP=0x000000005811c1c0 is pointing into the stack for thread: 0x0000000057875000
RBP=0x000000005811c220 is pointing into the stack for thread: 0x0000000057875000
RSI=0x0000000000000000 is an unknown value
RDI=0x000000005811c640 is pointing into the stack for thread: 0x0000000057875000
R8 =0x000000005e42eaa0 is an unknown value
R9 =0x0000000000000000 is an unknown value
R10=0x0000000000000000 is an unknown value
R11=0x000000006078bc48 is an unknown value
R12=0x000000006078bc10 is an unknown value
R13=0x0000000000007530 is an unknown value
R14=0x0000000066fb0000 is an unknown value
R15=0x0000000000000000 is an unknown value


Stack: [0x0000000058020000,0x0000000058120000],  sp=0x000000005811c1c0,  free space=1008k
Native frames: (J=compiled Java code, j=interpreted, Vv=VM code, C=native code)
V  [jvm.dll+0x466d1b]
V  [jvm.dll+0x467107]
V  [jvm.dll+0x468c53]
V  [jvm.dll+0x473f5b]
V  [jvm.dll+0x476867]
V  [jvm.dll+0x4591e2]
V  [jvm.dll+0xa5ca2]
V  [jvm.dll+0xa65df]
V  [jvm.dll+0x244e1f]
V  [jvm.dll+0x29c69a]
C  [msvcr100.dll+0x21d9f]
C  [msvcr100.dll+0x21e3b]
C  [kernel32.dll+0x1652d]
C  [ntdll.dll+0x2c521]


Current CompileTask:
C2:   6158 2032   !   4       java.net.URLClassLoader$1::run (63 bytes)


---------------  P R O C E S S  ---------------

Java Threads: ( => current thread )
  0x0000000059fe6000 JavaThread "File lock request listener" [_thread_in_native, id=1836, stack(0x000000005ecc0000,0x000000005edc0000)]
  0x000000005962f000 JavaThread "Stdin handler" [_thread_blocked, id=4156, stack(0x000000005af40000,0x000000005b040000)]
  0x000000005962a800 JavaThread "Asynchronous log dispatcher for org.gradle.launcher.daemon.server.DefaultDaemonConnection@32edfff0" [_thread_blocked, id=1644, stack(0x000000005ad20000,0x000000005ae20000)]
  0x0000000059624000 JavaThread "Daemon worker" [_thread_in_Java, id=1732, stack(0x000000005aa00000,0x000000005ab00000)]
  0x00000000595f9800 JavaThread "Cancel handler" [_thread_blocked, id=4284, stack(0x000000005a7c0000,0x000000005a8c0000)]
  0x00000000595f6000 JavaThread "Handler for socket connection from /127.0.0.1:49243 to /127.0.0.1:49244" [_thread_in_native, id=4052, stack(0x000000005a6a0000,0x000000005a7a0000)]
  0x00000000595d7800 JavaThread "Daemon" [_thread_blocked, id=4440, stack(0x00000000584a0000,0x00000000585a0000)]
  0x0000000059543000 JavaThread "Incoming local TCP Connector on port 49243" [_thread_in_native, id=4796, stack(0x000000005a260000,0x000000005a360000)]
  0x0000000059483800 JavaThread "pool-1-thread-1" [_thread_blocked, id=4172, stack(0x000000005a160000,0x000000005a260000)]
  0x00000000578f8800 JavaThread "Service Thread" daemon [_thread_blocked, id=4164, stack(0x0000000058360000,0x0000000058460000)]
  0x000000005787b800 JavaThread "C1 CompilerThread2" daemon [_thread_blocked, id=5080, stack(0x0000000058180000,0x0000000058280000)]
  0x000000005787a000 JavaThread "C2 CompilerThread1" daemon [_thread_in_native, id=4320, stack(0x0000000057610000,0x0000000057710000)]
=>0x0000000057875000 JavaThread "C2 CompilerThread0" daemon [_thread_in_native, id=4960, stack(0x0000000058020000,0x0000000058120000)]
  0x0000000057870800 JavaThread "Attach Listener" daemon [_thread_blocked, id=1600, stack(0x0000000057ed0000,0x0000000057fd0000)]
  0x00000000564a5800 JavaThread "Signal Dispatcher" daemon [_thread_blocked, id=372, stack(0x0000000057d40000,0x0000000057e40000)]
  0x000000005648c800 JavaThread "Finalizer" daemon [_thread_blocked, id=4148, stack(0x0000000057770000,0x0000000057870000)]
  0x0000000056445800 JavaThread "Reference Handler" daemon [_thread_blocked, id=3240, stack(0x00000000574f0000,0x00000000575f0000)]
  0x00000000023cd800 JavaThread "main" [_thread_blocked, id=4984, stack(0x0000000002550000,0x0000000002650000)]

Other Threads:
  0x000000005643e000 VMThread [stack: 0x00000000573e0000,0x00000000574e0000] [id=3308]
  0x000000005790b800 WatcherThread [stack: 0x0000000058640000,0x0000000058740000] [id=1136]

VM state:not at safepoint (normal execution)

VM Mutex/Monitor currently owned by a thread: None

Heap:
 PSYoungGen      total 70656K, used 50318K [0x00000000e0000000, 0x00000000e4f00000, 0x0000000100000000)
  eden space 64000K, 68% used [0x00000000e0000000,0x00000000e2aa7578,0x00000000e3e80000)
  from space 6656K, 99% used [0x00000000e3e80000,0x00000000e44fc4d8,0x00000000e4500000)
  to   space 7680K, 0% used [0x00000000e4780000,0x00000000e4780000,0x00000000e4f00000)
 ParOldGen       total 35840K, used 8232K [0x00000000a0000000, 0x00000000a2300000, 0x00000000e0000000)
  object space 35840K, 22% used [0x00000000a0000000,0x00000000a080a3b0,0x00000000a2300000)
 Metaspace       used 27996K, capacity 28496K, committed 28672K, reserved 1073152K
  class space    used 3901K, capacity 4038K, committed 4096K, reserved 1048576K

Card table byte_map: [0x0000000011ce0000,0x0000000011ff0000] byte_map_base: 0x00000000117e0000

Marking Bits: (ParMarkBitMap*) 0x00000000677cb6d0
 Begin Bits: [0x00000000127b0000, 0x0000000013fb0000)
 End Bits:   [0x0000000013fb0000, 0x00000000157b0000)

Polling page: 0x0000000000130000

CodeCache: size=245760Kb used=9158Kb max_used=9158Kb free=236601Kb
 bounds [0x0000000002920000, 0x0000000003220000, 0x0000000011920000]
 total_blobs=3253 nmethods=2613 adapters=552
 compilation: enabled

Compilation events (10 events):
Event: 6.134 Thread 0x000000005787b800 nmethod 2666 0x0000000003204b50 code [0x0000000003204cc0, 0x0000000003204f38]
Event: 6.134 Thread 0x000000005787b800 2668       2       org.gradle.internal.resolve.result.DefaultBuildableModuleComponentMetaDataResolveResult::getMetaData (9 bytes)
Event: 6.134 Thread 0x000000005787b800 nmethod 2668 0x0000000003205110 code [0x0000000003205280, 0x0000000003205408]
Event: 6.134 Thread 0x000000005787b800 2667       1       org.gradle.internal.component.external.model.DefaultModuleComponentIdentifier::getGroup (5 bytes)
Event: 6.134 Thread 0x000000005787b800 nmethod 2667 0x0000000003205490 code [0x00000000032055e0, 0x00000000032056f0]
Event: 6.136 Thread 0x000000005787b800 2669       2       java.nio.charset.CharsetDecoder::onMalformedInput (26 bytes)
Event: 6.136 Thread 0x000000005787b800 nmethod 2669 0x0000000003205750 code [0x00000000032058c0, 0x0000000003205ae8]
Event: 6.136 Thread 0x000000005787b800 2670       2       java.nio.charset.CharsetDecoder::implOnMalformedInput (1 bytes)
Event: 6.136 Thread 0x000000005787b800 nmethod 2670 0x0000000003205bd0 code [0x0000000003205d20, 0x0000000003205e70]
Event: 6.136 Thread 0x000000005787b800 2673       3       org.apache.xerces.util.URI::initializePath (605 bytes)

GC Heap History (10 events):
Event: 3.073 GC heap before
{Heap before GC invocations=6 (full 0):
 PSYoungGen      total 18944K, used 18912K [0x00000000e0000000, 0x00000000e2e00000, 0x0000000100000000)
  eden space 16384K, 100% used [0x00000000e0000000,0x00000000e1000000,0x00000000e1000000)
  from space 2560K, 98% used [0x00000000e1000000,0x00000000e1278020,0x00000000e1280000)
  to   space 7168K, 0% used [0x00000000e2700000,0x00000000e2700000,0x00000000e2e00000)
 ParOldGen       total 44032K, used 8052K [0x00000000a0000000, 0x00000000a2b00000, 0x00000000e0000000)
  object space 44032K, 18% used [0x00000000a0000000,0x00000000a07dd1a0,0x00000000a2b00000)
 Metaspace       used 18936K, capacity 19294K, committed 19456K, reserved 1067008K
  class space    used 2581K, capacity 2693K, committed 2816K, reserved 1048576K
Event: 3.112 GC heap after
Heap after GC invocations=6 (full 0):
 PSYoungGen      total 39936K, used 4643K [0x00000000e0000000, 0x00000000e2e00000, 0x0000000100000000)
  eden space 32768K, 0% used [0x00000000e0000000,0x00000000e0000000,0x00000000e2000000)
  from space 7168K, 64% used [0x00000000e2700000,0x00000000e2b88e50,0x00000000e2e00000)
  to   space 7168K, 0% used [0x00000000e2000000,0x00000000e2000000,0x00000000e2700000)
 ParOldGen       total 44032K, used 8052K [0x00000000a0000000, 0x00000000a2b00000, 0x00000000e0000000)
  object space 44032K, 18% used [0x00000000a0000000,0x00000000a07dd1a0,0x00000000a2b00000)
 Metaspace       used 18936K, capacity 19294K, committed 19456K, reserved 1067008K
  class space    used 2581K, capacity 2693K, committed 2816K, reserved 1048576K
}
Event: 3.500 GC heap before
{Heap before GC invocations=7 (full 0):
 PSYoungGen      total 39936K, used 24073K [0x00000000e0000000, 0x00000000e2e00000, 0x0000000100000000)
  eden space 32768K, 59% used [0x00000000e0000000,0x00000000e12f9950,0x00000000e2000000)
  from space 7168K, 64% used [0x00000000e2700000,0x00000000e2b88e50,0x00000000e2e00000)
  to   space 7168K, 0% used [0x00000000e2000000,0x00000000e2000000,0x00000000e2700000)
 ParOldGen       total 44032K, used 8052K [0x00000000a0000000, 0x00000000a2b00000, 0x00000000e0000000)
  object space 44032K, 18% used [0x00000000a0000000,0x00000000a07dd1a0,0x00000000a2b00000)
 Metaspace       used 20851K, capacity 21218K, committed 21296K, reserved 1067008K
  class space    used 2783K, capacity 2924K, committed 2944K, reserved 1048576K
Event: 3.567 GC heap after
Heap after GC invocations=7 (full 0):
 PSYoungGen      total 39936K, used 4691K [0x00000000e0000000, 0x00000000e4e00000, 0x0000000100000000)
  eden space 32768K, 0% used [0x00000000e0000000,0x00000000e0000000,0x00000000e2000000)
  from space 7168K, 65% used [0x00000000e2000000,0x00000000e2494f68,0x00000000e2700000)
  to   space 7168K, 0% used [0x00000000e4700000,0x00000000e4700000,0x00000000e4e00000)
 ParOldGen       total 44032K, used 8772K [0x00000000a0000000, 0x00000000a2b00000, 0x00000000e0000000)
  object space 44032K, 19% used [0x00000000a0000000,0x00000000a08911e0,0x00000000a2b00000)
 Metaspace       used 20851K, capacity 21218K, committed 21296K, reserved 1067008K
  class space    used 2783K, capacity 2924K, committed 2944K, reserved 1048576K
}
Event: 3.567 GC heap before
{Heap before GC invocations=8 (full 1):
 PSYoungGen      total 39936K, used 4691K [0x00000000e0000000, 0x00000000e4e00000, 0x0000000100000000)
  eden space 32768K, 0% used [0x00000000e0000000,0x00000000e0000000,0x00000000e2000000)
  from space 7168K, 65% used [0x00000000e2000000,0x00000000e2494f68,0x00000000e2700000)
  to   space 7168K, 0% used [0x00000000e4700000,0x00000000e4700000,0x00000000e4e00000)
 ParOldGen       total 44032K, used 8772K [0x00000000a0000000, 0x00000000a2b00000, 0x00000000e0000000)
  object space 44032K, 19% used [0x00000000a0000000,0x00000000a08911e0,0x00000000a2b00000)
 Metaspace       used 20851K, capacity 21218K, committed 21296K, reserved 1067008K
  class space    used 2783K, capacity 2924K, committed 2944K, reserved 1048576K
Event: 3.734 GC heap after
Heap after GC invocations=8 (full 1):
 PSYoungGen      total 39936K, used 0K [0x00000000e0000000, 0x00000000e4e00000, 0x0000000100000000)
  eden space 32768K, 0% used [0x00000000e0000000,0x00000000e0000000,0x00000000e2000000)
  from space 7168K, 0% used [0x00000000e2000000,0x00000000e2000000,0x00000000e2700000)
  to   space 7168K, 0% used [0x00000000e4700000,0x00000000e4700000,0x00000000e4e00000)
 ParOldGen       total 35840K, used 8037K [0x00000000a0000000, 0x00000000a2300000, 0x00000000e0000000)
  object space 35840K, 22% used [0x00000000a0000000,0x00000000a07d9660,0x00000000a2300000)
 Metaspace       used 20851K, capacity 21218K, committed 21296K, reserved 1067008K
  class space    used 2783K, capacity 2924K, committed 2944K, reserved 1048576K
}
Event: 4.517 GC heap before
{Heap before GC invocations=9 (full 1):
 PSYoungGen      total 39936K, used 32768K [0x00000000e0000000, 0x00000000e4e00000, 0x0000000100000000)
  eden space 32768K, 100% used [0x00000000e0000000,0x00000000e2000000,0x00000000e2000000)
  from space 7168K, 0% used [0x00000000e2000000,0x00000000e2000000,0x00000000e2700000)
  to   space 7168K, 0% used [0x00000000e4700000,0x00000000e4700000,0x00000000e4e00000)
 ParOldGen       total 35840K, used 8037K [0x00000000a0000000, 0x00000000a2300000, 0x00000000e0000000)
  object space 35840K, 22% used [0x00000000a0000000,0x00000000a07d9660,0x00000000a2300000)
 Metaspace       used 23462K, capacity 23932K, committed 24192K, reserved 1071104K
  class space    used 3227K, capacity 3356K, committed 3456K, reserved 1048576K
Event: 4.546 GC heap after
Heap after GC invocations=9 (full 1):
 PSYoungGen      total 54784K, used 4412K [0x00000000e0000000, 0x00000000e4b80000, 0x0000000100000000)
  eden space 50176K, 0% used [0x00000000e0000000,0x00000000e0000000,0x00000000e3100000)
  from space 4608K, 95% used [0x00000000e4700000,0x00000000e4b4f238,0x00000000e4b80000)
  to   space 6656K, 0% used [0x00000000e3e80000,0x00000000e3e80000,0x00000000e4500000)
 ParOldGen       total 35840K, used 8045K [0x00000000a0000000, 0x00000000a2300000, 0x00000000e0000000)
  object space 35840K, 22% used [0x00000000a0000000,0x00000000a07db660,0x00000000a2300000)
 Metaspace       used 23462K, capacity 23932K, committed 24192K, reserved 1071104K
  class space    used 3227K, capacity 3356K, committed 3456K, reserved 1048576K
}
Event: 5.447 GC heap before
{Heap before GC invocations=10 (full 1):
 PSYoungGen      total 54784K, used 54588K [0x00000000e0000000, 0x00000000e4b80000, 0x0000000100000000)
  eden space 50176K, 100% used [0x00000000e0000000,0x00000000e3100000,0x00000000e3100000)
  from space 4608K, 95% used [0x00000000e4700000,0x00000000e4b4f238,0x00000000e4b80000)
  to   space 6656K, 0% used [0x00000000e3e80000,0x00000000e3e80000,0x00000000e4500000)
 ParOldGen       total 35840K, used 8045K [0x00000000a0000000, 0x00000000a2300000, 0x00000000e0000000)
  object space 35840K, 22% used [0x00000000a0000000,0x00000000a07db660,0x00000000a2300000)
 Metaspace       used 27606K, capacity 28088K, committed 28416K, reserved 1073152K
  class space    used 3889K, capacity 4034K, committed 4096K, reserved 1048576K
Event: 5.468 GC heap after
Heap after GC invocations=10 (full 1):
 PSYoungGen      total 70656K, used 6641K [0x00000000e0000000, 0x00000000e4f00000, 0x0000000100000000)
  eden space 64000K, 0% used [0x00000000e0000000,0x00000000e0000000,0x00000000e3e80000)
  from space 6656K, 99% used [0x00000000e3e80000,0x00000000e44fc4d8,0x00000000e4500000)
  to   space 7680K, 0% used [0x00000000e4780000,0x00000000e4780000,0x00000000e4f00000)
 ParOldGen       total 35840K, used 8232K [0x00000000a0000000, 0x00000000a2300000, 0x00000000e0000000)
  object space 35840K, 22% used [0x00000000a0000000,0x00000000a080a3b0,0x00000000a2300000)
 Metaspace       used 27606K, capacity 28088K, committed 28416K, reserved 1073152K
  class space    used 3889K, capacity 4034K, committed 4096K, reserved 1048576K
}

Deoptimization events (10 events):
Event: 3.735 Thread 0x0000000059624000 Uncommon trap: reason=unstable_if action=reinterpret pc=0x0000000002d4b330 method=java.util.HashMap.hash(Ljava/lang/Object;)I @ 1
Event: 3.735 Thread 0x0000000059624000 Uncommon trap: reason=unstable_if action=reinterpret pc=0x0000000002d5a8c8 method=java.util.HashMap.putVal(ILjava/lang/Object;Ljava/lang/Object;ZZ)Ljava/lang/Object; @ 85
Event: 3.765 Thread 0x0000000059624000 Uncommon trap: reason=class_check action=maybe_recompile pc=0x0000000002db27f0 method=java.lang.reflect.Method.equals(Ljava/lang/Object;)Z @ 5
Event: 3.768 Thread 0x0000000059624000 Uncommon trap: reason=class_check action=maybe_recompile pc=0x0000000002db27f0 method=java.lang.reflect.Method.equals(Ljava/lang/Object;)Z @ 5
Event: 3.899 Thread 0x0000000059624000 Uncommon trap: reason=unstable_if action=reinterpret pc=0x0000000002c0afe0 method=java.util.LinkedHashMap.afterNodeInsertion(Z)V @ 1
Event: 3.930 Thread 0x0000000059624000 Uncommon trap: reason=class_check action=maybe_recompile pc=0x0000000002db27f0 method=java.lang.reflect.Method.equals(Ljava/lang/Object;)Z @ 5
Event: 3.931 Thread 0x0000000059624000 Uncommon trap: reason=class_check action=maybe_recompile pc=0x0000000002db27f0 method=java.lang.reflect.Method.equals(Ljava/lang/Object;)Z @ 5
Event: 4.220 Thread 0x0000000059624000 Uncommon trap: reason=unstable_if action=reinterpret pc=0x0000000002b7333c method=java.io.WinNTFileSystem.resolve(Ljava/lang/String;Ljava/lang/String;)Ljava/lang/String; @ 49
Event: 4.961 Thread 0x0000000059624000 Uncommon trap: reason=unstable_if action=reinterpret pc=0x0000000002a73560 method=java.net.URI.match(CJJ)Z @ 45
Event: 5.073 Thread 0x0000000059624000 Uncommon trap: reason=unstable_if action=reinterpret pc=0x0000000002dcd970 method=java.lang.AbstractStringBuilder.append(Ljava/lang/String;)Ljava/lang/AbstractStringBuilder; @ 1

Internal exceptions (10 events):
Event: 4.330 Thread 0x0000000059624000 Exception <a 'java/lang/ClassNotFoundException': org/gradle/api/internal/artifacts/repositories/DefaultMavenArtifactRepository_DecoratedCustomizer> (0x00000000e17e5420) thrown at [C:\re\workspace\8-2-build-windows-amd64-cygwin\jdk8u121\8372\hotspot\src\sh
Event: 4.471 Thread 0x0000000059624000 Exception <a 'java/lang/ClassNotFoundException': build_7y5831yk8m2jfudvhwmvnhhaxBeanInfo> (0x00000000e1ea1360) thrown at [C:\re\workspace\8-2-build-windows-amd64-cygwin\jdk8u121\8372\hotspot\src\share\vm\classfile\systemDictionary.cpp, line 210]
Event: 4.472 Thread 0x0000000059624000 Exception <a 'java/lang/ClassNotFoundException': org/gradle/api/internal/project/ProjectScriptBeanInfo> (0x00000000e1eb03d8) thrown at [C:\re\workspace\8-2-build-windows-amd64-cygwin\jdk8u121\8372\hotspot\src\share\vm\classfile\systemDictionary.cpp, line 
Event: 4.472 Thread 0x0000000059624000 Exception <a 'java/lang/ClassNotFoundException': org/gradle/api/internal/project/ProjectScriptCustomizer> (0x00000000e1ebf7e0) thrown at [C:\re\workspace\8-2-build-windows-amd64-cygwin\jdk8u121\8372\hotspot\src\share\vm\classfile\systemDictionary.cpp, lin
Event: 4.474 Thread 0x0000000059624000 Exception <a 'java/lang/ClassNotFoundException': build_7y5831yk8m2jfudvhwmvnhhaxCustomizer> (0x00000000e1edd3a0) thrown at [C:\re\workspace\8-2-build-windows-amd64-cygwin\jdk8u121\8372\hotspot\src\share\vm\classfile\systemDictionary.cpp, line 210]
Event: 4.733 Thread 0x0000000059624000 Exception <a 'java/lang/ClassNotFoundException': org/gradle/api/internal/artifacts/dsl/dependencies/DefaultDependencyHandler_DecoratedBeanInfo> (0x00000000e09f9188) thrown at [C:\re\workspace\8-2-build-windows-amd64-cygwin\jdk8u121\8372\hotspot\src\share\
Event: 4.734 Thread 0x0000000059624000 Exception <a 'java/lang/ClassNotFoundException': org/gradle/api/internal/artifacts/dsl/dependencies/DefaultDependencyHandlerBeanInfo> (0x00000000e0a233e8) thrown at [C:\re\workspace\8-2-build-windows-amd64-cygwin\jdk8u121\8372\hotspot\src\share\vm\classfi
Event: 4.735 Thread 0x0000000059624000 Exception <a 'java/lang/ClassNotFoundException': org/gradle/api/internal/artifacts/dsl/dependencies/DefaultDependencyHandlerCustomizer> (0x00000000e0a4dd90) thrown at [C:\re\workspace\8-2-build-windows-amd64-cygwin\jdk8u121\8372\hotspot\src\share\vm\class
Event: 4.736 Thread 0x0000000059624000 Exception <a 'java/lang/ClassNotFoundException': org/gradle/api/internal/artifacts/dsl/dependencies/DefaultDependencyHandler_DecoratedCustomizer> (0x00000000e0a8c500) thrown at [C:\re\workspace\8-2-build-windows-amd64-cygwin\jdk8u121\8372\hotspot\src\shar
Event: 5.073 Thread 0x0000000059624000 Implicit null exception at 0x0000000002dcd411 to 0x0000000002dcd961

Events (10 events):
Event: 5.985 Thread 0x0000000059624000 DEOPT PACKING pc=0x0000000002a98111 sp=0x000000005aafa840
Event: 5.985 Thread 0x0000000059624000 DEOPT UNPACKING pc=0x000000000296787f sp=0x000000005aafa6c0 mode 0
Event: 6.071 loading class org/gradle/api/internal/artifacts/ivyservice/resolveengine/graph/conflicts/ConflictContainer$Conflict
Event: 6.071 loading class org/gradle/api/internal/artifacts/ivyservice/resolveengine/graph/conflicts/ConflictContainer$Conflict done
Event: 6.072 loading class org/gradle/api/internal/artifacts/ivyservice/resolveengine/graph/DependencyGraphBuilder$1
Event: 6.072 loading class org/gradle/api/internal/artifacts/ivyservice/resolveengine/graph/DependencyGraphBuilder$1 done
Event: 6.075 Thread 0x0000000059624000 DEOPT PACKING pc=0x0000000002a98111 sp=0x000000005aafaad0
Event: 6.075 Thread 0x0000000059624000 DEOPT UNPACKING pc=0x000000000296787f sp=0x000000005aafa950 mode 0
Event: 6.136 Thread 0x0000000059624000 DEOPT PACKING pc=0x000000000316c357 sp=0x000000005aafa620
Event: 6.136 Thread 0x0000000059624000 DEOPT UNPACKING pc=0x000000000296787f sp=0x000000005aafa568 mode 0


Dynamic libraries:
0x000000013f190000 - 0x000000013f1c7000 	C:\Program Files\Java\jdk1.8.0_121\bin\java.exe
0x0000000076d50000 - 0x0000000076ef9000 	C:\Windows\SYSTEM32\ntdll.dll
0x0000000076c30000 - 0x0000000076d4f000 	C:\Windows\system32\kernel32.dll
0x000007fefcd70000 - 0x000007fefcddb000 	C:\Windows\system32\KERNELBASE.dll
0x000007fefe5e0000 - 0x000007fefe6bb000 	C:\Windows\system32\ADVAPI32.dll
0x000007fefd110000 - 0x000007fefd1af000 	C:\Windows\system32\msvcrt.dll
0x000007fefee60000 - 0x000007fefee7f000 	C:\Windows\SYSTEM32\sechost.dll
0x000007fefe6c0000 - 0x000007fefe7ed000 	C:\Windows\system32\RPCRT4.dll
0x0000000076b30000 - 0x0000000076c2a000 	C:\Windows\system32\USER32.dll
0x000007fefed60000 - 0x000007fefedc7000 	C:\Windows\system32\GDI32.dll
0x000007fefee20000 - 0x000007fefee2e000 	C:\Windows\system32\LPK.dll
0x000007fefd520000 - 0x000007fefd5e9000 	C:\Windows\system32\USP10.dll
0x000007fefb540000 - 0x000007fefb734000 	C:\Windows\WinSxS\amd64_microsoft.windows.common-controls_6595b64144ccf1df_6.0.7601.17514_none_fa396087175ac9ac\COMCTL32.dll
0x000007fefec80000 - 0x000007fefecf1000 	C:\Windows\system32\SHLWAPI.dll
0x000007fefee30000 - 0x000007fefee5e000 	C:\Windows\system32\IMM32.DLL
0x000007fefd1b0000 - 0x000007fefd2b9000 	C:\Windows\system32\MSCTF.dll
0x000000006a9a0000 - 0x000000006aa72000 	C:\Program Files\Java\jdk1.8.0_121\jre\bin\msvcr100.dll
0x0000000066fb0000 - 0x000000006784b000 	C:\Program Files\Java\jdk1.8.0_121\jre\bin\server\jvm.dll
0x000007fee8b70000 - 0x000007fee8b79000 	C:\Windows\system32\WSOCK32.dll
0x000007fefedd0000 - 0x000007fefee1d000 	C:\Windows\system32\WS2_32.dll
0x000007fefefb0000 - 0x000007fefefb8000 	C:\Windows\system32\NSI.dll
0x000007fef94f0000 - 0x000007fef952b000 	C:\Windows\system32\WINMM.dll
0x000007fefbe60000 - 0x000007fefbe6c000 	C:\Windows\system32\VERSION.dll
0x0000000076f10000 - 0x0000000076f17000 	C:\Windows\system32\PSAPI.DLL
0x0000000071630000 - 0x000000007163f000 	C:\Program Files\Java\jdk1.8.0_121\jre\bin\verify.dll
0x0000000071600000 - 0x0000000071629000 	C:\Program Files\Java\jdk1.8.0_121\jre\bin\java.dll
0x0000000071450000 - 0x0000000071466000 	C:\Program Files\Java\jdk1.8.0_121\jre\bin\zip.dll
0x000007fefd770000 - 0x000007fefe4f8000 	C:\Windows\system32\SHELL32.dll
0x000007fefe9d0000 - 0x000007fefebd3000 	C:\Windows\system32\ole32.dll
0x000007fefcca0000 - 0x000007fefccaf000 	C:\Windows\system32\profapi.dll
0x0000000071430000 - 0x000000007144a000 	C:\Program Files\Java\jdk1.8.0_121\jre\bin\net.dll
0x000007fefc510000 - 0x000007fefc565000 	C:\Windows\system32\mswsock.dll
0x000007fefc500000 - 0x000007fefc507000 	C:\Windows\System32\wship6.dll
0x0000000071410000 - 0x0000000071421000 	C:\Program Files\Java\jdk1.8.0_121\jre\bin\nio.dll
0x000007fee6330000 - 0x000007fee6342000 	C:\Users\welcome\.gradle\native\19\windows-amd64\native-platform.dll
0x000007fefc570000 - 0x000007fefc587000 	C:\Windows\system32\CRYPTSP.dll
0x000007fefc230000 - 0x000007fefc277000 	C:\Windows\system32\rsaenh.dll
0x000007fefc0b0000 - 0x000007fefc0ce000 	C:\Windows\system32\USERENV.dll
0x000007fefcbd0000 - 0x000007fefcbdf000 	C:\Windows\system32\CRYPTBASE.dll
0x000007fefbe30000 - 0x000007fefbe57000 	C:\Windows\system32\IPHLPAPI.DLL
0x000007fefbe20000 - 0x000007fefbe2b000 	C:\Windows\system32\WINNSI.DLL
0x000007fefbbc0000 - 0x000007fefbbd8000 	C:\Windows\system32\dhcpcsvc.DLL
0x000007fef9be0000 - 0x000007fef9bf1000 	C:\Windows\system32\dhcpcsvc6.DLL
0x00000000729e0000 - 0x00000000729ed000 	C:\Program Files\Java\jdk1.8.0_121\jre\bin\management.dll
0x000007fefcb70000 - 0x000007fefcbc7000 	C:\Windows\system32\apphelp.dll
0x000007fef86d0000 - 0x000007fef87f5000 	C:\Windows\system32\dbghelp.dll

VM Arguments:
jvm_args: -Xmx1536m -Dfile.encoding=windows-1252 -Duser.country=US -Duser.language=en -Duser.variant 
java_command: org.gradle.launcher.daemon.bootstrap.GradleDaemon 2.14.1
java_class_path (initial): C:\Program Files\Android\Android Studio\gradle\gradle-2.14.1\lib\gradle-launcher-2.14.1.jar
Launcher Type: SUN_STANDARD

Environment Variables:
PATH=C:\ProgramData\Oracle\Java\javapath;C:\Windows\system32;C:\Windows;C:\Windows\System32\Wbem;C:\Windows\System32\WindowsPowerShell\v1.0\;C:\Program Files\Git\cmd;C:\Program Files\Java\jdk1.8.0_121\bin
USERNAME=welcome
OS=Windows_NT
PROCESSOR_IDENTIFIER=Intel64 Family 6 Model 58 Stepping 9, GenuineIntel



---------------  S Y S T E M  ---------------

OS: Windows 7 , 64 bit Build 7601 (6.1.7601.17514)

CPU:total 4 (2 cores per cpu, 2 threads per core) family 6 model 58 stepping 9, cmov, cx8, fxsr, mmx, sse, sse2, sse3, ssse3, sse4.1, sse4.2, popcnt, avx, clmul, erms, ht, tsc, tscinvbit, tscinv

Memory: 4k page, physical 4083996k(1639960k free), swap 8166148k(5372140k free)

vm_info: Java HotSpot(TM) 64-Bit Server VM (25.121-b13) for windows-amd64 JRE (1.8.0_121-b13), built on Dec 12 2016 18:21:36 by "java_re" with MS VC++ 10.0 (VS2010)

time: Tue Feb 07 16:40:09 2017
elapsed time: 6 seconds (0d 0h 0m 6s)

