#
# A fatal error has been detected by the Java Runtime Environment:
#
#  EXCEPTION_ACCESS_VIOLATION (0xc0000005) at pc=0x00000000673d5554, pid=3920, tid=0x0000000000001374
#
# JRE version: Java(TM) SE Runtime Environment (8.0_121-b13) (build 1.8.0_121-b13)
# Java VM: Java HotSpot(TM) 64-Bit Server VM (25.121-b13 mixed mode windows-amd64 compressed oops)
# Problematic frame:
# V  [jvm.dll+0x425554]
#
# Failed to write core dump. Minidumps are not enabled by default on client versions of Windows
#
# If you would like to submit a bug report, please visit:
#   http://bugreport.java.com/bugreport/crash.jsp
#

---------------  T H R E A D  ---------------

Current thread (0x000000005782b000):  JavaThread "C1 CompilerThread2" daemon [_thread_in_native, id=4980, stack(0x00000000582e0000,0x00000000583e0000)]

siginfo: ExceptionCode=0xc0000005, reading address 0xffffffffffffffff

Registers:
RAX=0x000000005fce3d30, RBX=0x000000005fce5a70, RCX=0x000600005fccd520, RDX=0x000000005fce5a28
RSP=0x00000000583dea88, RBP=0x0000000000000008, RSI=0x000000005fce5a28, RDI=0x000000005fce5d38
R8 =0xfffffffffffffcf0, R9 =0x0000000000000000, R10=0x0000000000000008, R11=0x0000000000000000
R12=0x00000000673d5540, R13=0x000000005fce6080, R14=0x000000005fce59f0, R15=0x0000000000000000
RIP=0x00000000673d5554, EFLAGS=0x0000000000010206

Top of Stack: (sp=0x00000000583dea88)
0x00000000583dea88:   000000006aa18f11 00000000ffffffff
0x00000000583dea98:   00000000583dee10 000000000000000c
0x00000000583deaa8:   00000000677bfe88 0000000000007fe8
0x00000000583deab8:   0000000000007fe8 0000000000000000
0x00000000583deac8:   000000006709cc1b 000000005f9c7cf0
0x00000000583dead8:   00000000673deef9 0000000000000004
0x00000000583deae8:   00000000673db6c5 00000000583deb90
0x00000000583deaf8:   000000006726768f 000000005f9a2780
0x00000000583deb08:   00000000673dec59 0000000000000000
0x00000000583deb18:   000000005f9c7820 00000000583deb90
0x00000000583deb28:   00000000673e13a1 0000000000000001
0x00000000583deb38:   0000000000000008 0000000000001412
0x00000000583deb48:   000000005f9a53c0 000000005f9a2820
0x00000000583deb58:   00000000673df2d0 0000000000000000
0x00000000583deb68:   000000005f9a53c0 0000000000001646
0x00000000583deb78:   0000000000000009 000000000000012f 

Instructions: (pc=0x00000000673d5554)
0x00000000673d5534:   cc cc cc cc cc cc cc cc cc cc cc cc 48 8b 09 48
0x00000000673d5544:   85 c9 74 1b 48 8b 02 48 85 c0 74 0f 48 8b 40 08
0x00000000673d5554:   48 8b 49 08 8b 11 2b 10 8b c2 c3 83 c8 ff c3 33
0x00000000673d5564:   c0 48 39 02 0f 95 c0 c3 cc cc cc cc 4c 89 4c 24 


Register to memory mapping:

RAX=0x000000005fce3d30 is an unknown value
RBX=0x000000005fce5a70 is an unknown value
RCX=0x000600005fccd520 is an unknown value
RDX=0x000000005fce5a28 is an unknown value
RSP=0x00000000583dea88 is pointing into the stack for thread: 0x000000005782b000
RBP=0x0000000000000008 is an unknown value
RSI=0x000000005fce5a28 is an unknown value
RDI=0x000000005fce5d38 is an unknown value
R8 =0xfffffffffffffcf0 is an unknown value
R9 =0x0000000000000000 is an unknown value
R10=0x0000000000000008 is an unknown value
R11=0x0000000000000000 is an unknown value
R12=0x00000000673d5540 is an unknown value
R13=0x000000005fce6080 is an unknown value
R14=0x000000005fce59f0 is an unknown value
R15=0x0000000000000000 is an unknown value


Stack: [0x00000000582e0000,0x00000000583e0000],  sp=0x00000000583dea88,  free space=1018k
Native frames: (J=compiled Java code, j=interpreted, Vv=VM code, C=native code)
V  [jvm.dll+0x425554]


Current CompileTask:
C1:   6173 2457       3       org.apache.xerces.util.URI::initializePath (605 bytes)


---------------  P R O C E S S  ---------------

Java Threads: ( => current thread )
  0x0000000059798800 JavaThread "File lock request listener" [_thread_in_native, id=3648, stack(0x000000005ec50000,0x000000005ed50000)]
  0x000000005945e800 JavaThread "Stdin handler" [_thread_blocked, id=1860, stack(0x000000005abf0000,0x000000005acf0000)]
  0x000000005945a800 JavaThread "Asynchronous log dispatcher for org.gradle.launcher.daemon.server.DefaultDaemonConnection@7cc0143b" [_thread_blocked, id=4712, stack(0x000000005a1a0000,0x000000005a2a0000)]
  0x0000000059445000 JavaThread "Daemon worker" [_thread_in_vm, id=4680, stack(0x000000005a620000,0x000000005a720000)]
  0x000000005931a800 JavaThread "Cancel handler" [_thread_blocked, id=3744, stack(0x000000005aa40000,0x000000005ab40000)]
  0x000000005934a800 JavaThread "Handler for socket connection from /127.0.0.1:49231 to /127.0.0.1:49232" [_thread_in_native, id=4232, stack(0x000000005a8b0000,0x000000005a9b0000)]
  0x0000000059352800 JavaThread "Daemon" [_thread_blocked, id=4436, stack(0x000000005a730000,0x000000005a830000)]
  0x000000005939c000 JavaThread "Incoming local TCP Connector on port 49231" [_thread_in_native, id=1296, stack(0x000000005a2f0000,0x000000005a3f0000)]
  0x00000000593cd800 JavaThread "pool-1-thread-1" [_thread_blocked, id=3604, stack(0x0000000058de0000,0x0000000058ee0000)]
  0x00000000578ae000 JavaThread "Service Thread" daemon [_thread_blocked, id=4768, stack(0x0000000058450000,0x0000000058550000)]
=>0x000000005782b000 JavaThread "C1 CompilerThread2" daemon [_thread_in_native, id=4980, stack(0x00000000582e0000,0x00000000583e0000)]
  0x0000000057829800 JavaThread "C2 CompilerThread1" daemon [_thread_in_native, id=1064, stack(0x0000000058070000,0x0000000058170000)]
  0x0000000057824000 JavaThread "C2 CompilerThread0" daemon [_thread_in_native, id=2776, stack(0x0000000057dc0000,0x0000000057ec0000)]
  0x0000000057820800 JavaThread "Attach Listener" daemon [_thread_blocked, id=936, stack(0x0000000057ec0000,0x0000000057fc0000)]
  0x00000000564a6000 JavaThread "Signal Dispatcher" daemon [_thread_blocked, id=4288, stack(0x0000000057c50000,0x0000000057d50000)]
  0x000000005648c800 JavaThread "Finalizer" daemon [_thread_blocked, id=3164, stack(0x0000000057620000,0x0000000057720000)]
  0x0000000056445800 JavaThread "Reference Handler" daemon [_thread_blocked, id=5016, stack(0x0000000057720000,0x0000000057820000)]
  0x000000000233d800 JavaThread "main" [_thread_blocked, id=3904, stack(0x00000000025e0000,0x00000000026e0000)]

Other Threads:
  0x000000005643a000 VMThread [stack: 0x00000000574b0000,0x00000000575b0000] [id=1964]
  0x00000000578b2000 WatcherThread [stack: 0x00000000581e0000,0x00000000582e0000] [id=1544]

VM state:not at safepoint (normal execution)

VM Mutex/Monitor currently owned by a thread: None

Heap:
 PSYoungGen      total 73728K, used 45689K [0x00000000e0000000, 0x00000000e7b80000, 0x0000000100000000)
  eden space 65536K, 58% used [0x00000000e0000000,0x00000000e2573b10,0x00000000e4000000)
  from space 8192K, 89% used [0x00000000e4000000,0x00000000e472ab98,0x00000000e4800000)
  to   space 9216K, 0% used [0x00000000e7280000,0x00000000e7280000,0x00000000e7b80000)
 ParOldGen       total 38912K, used 11270K [0x00000000a0000000, 0x00000000a2600000, 0x00000000e0000000)
  object space 38912K, 28% used [0x00000000a0000000,0x00000000a0b01870,0x00000000a2600000)
 Metaspace       used 27793K, capacity 28300K, committed 28672K, reserved 1073152K
  class space    used 3894K, capacity 4038K, committed 4096K, reserved 1048576K

Card table byte_map: [0x0000000011d70000,0x0000000012080000] byte_map_base: 0x0000000011870000

Marking Bits: (ParMarkBitMap*) 0x00000000677cb6d0
 Begin Bits: [0x00000000127b0000, 0x0000000013fb0000)
 End Bits:   [0x0000000013fb0000, 0x00000000157b0000)

Polling page: 0x0000000000430000

CodeCache: size=245760Kb used=9074Kb max_used=9074Kb free=236685Kb
 bounds [0x00000000029b0000, 0x00000000032a0000, 0x00000000119b0000]
 total_blobs=3047 nmethods=2407 adapters=552
 compilation: enabled

Compilation events (10 events):
Event: 6.142 Thread 0x000000005782b000 nmethod 2452 0x0000000003281dd0 code [0x0000000003281f40, 0x00000000032821a8]
Event: 6.142 Thread 0x000000005782b000 2453       2       org.apache.xerces.impl.XMLEntityManager::getPropertyDefault (36 bytes)
Event: 6.143 Thread 0x000000005782b000 nmethod 2453 0x0000000003282350 code [0x00000000032824c0, 0x0000000003282728]
Event: 6.143 Thread 0x000000005782b000 2454       2       org.apache.xerces.parsers.XML11Configuration::addComponent (27 bytes)
Event: 6.143 Thread 0x000000005782b000 nmethod 2454 0x00000000032828d0 code [0x0000000003282a60, 0x0000000003282d88]
Event: 6.144 Thread 0x000000005782b000 2455   !   2       org.apache.xerces.parsers.DOMParser::setFeature (122 bytes)
Event: 6.144 Thread 0x000000005782b000 nmethod 2455 0x0000000003283050 code [0x0000000003283260, 0x0000000003283958]
Event: 6.144 Thread 0x000000005782b000 2456 %     3       org.apache.xerces.util.URI::initializePath @ 56 (605 bytes)
Event: 6.156 Thread 0x000000005782b000 nmethod 2456% 0x0000000003283e90 code [0x0000000003284740, 0x000000000328bba8]
Event: 6.157 Thread 0x000000005782b000 2457       3       org.apache.xerces.util.URI::initializePath (605 bytes)

GC Heap History (10 events):
Event: 2.215 GC heap before
{Heap before GC invocations=4 (full 0):
 PSYoungGen      total 18944K, used 18944K [0x00000000e0000000, 0x00000000e2500000, 0x0000000100000000)
  eden space 16384K, 100% used [0x00000000e0000000,0x00000000e1000000,0x00000000e1000000)
  from space 2560K, 100% used [0x00000000e1000000,0x00000000e1280000,0x00000000e1280000)
  to   space 2560K, 0% used [0x00000000e2280000,0x00000000e2280000,0x00000000e2500000)
 ParOldGen       total 44032K, used 2119K [0x00000000a0000000, 0x00000000a2b00000, 0x00000000e0000000)
  object space 44032K, 4% used [0x00000000a0000000,0x00000000a0211cb8,0x00000000a2b00000)
 Metaspace       used 13027K, capacity 13398K, committed 13440K, reserved 1060864K
  class space    used 1788K, capacity 1885K, committed 1920K, reserved 1048576K
Event: 2.221 GC heap after
Heap after GC invocations=4 (full 0):
 PSYoungGen      total 35328K, used 2544K [0x00000000e0000000, 0x00000000e2500000, 0x0000000100000000)
  eden space 32768K, 0% used [0x00000000e0000000,0x00000000e0000000,0x00000000e2000000)
  from space 2560K, 99% used [0x00000000e2280000,0x00000000e24fc010,0x00000000e2500000)
  to   space 2560K, 0% used [0x00000000e2000000,0x00000000e2000000,0x00000000e2280000)
 ParOldGen       total 44032K, used 4107K [0x00000000a0000000, 0x00000000a2b00000, 0x00000000e0000000)
  object space 44032K, 9% used [0x00000000a0000000,0x00000000a0402d68,0x00000000a2b00000)
 Metaspace       used 13027K, capacity 13398K, committed 13440K, reserved 1060864K
  class space    used 1788K, capacity 1885K, committed 1920K, reserved 1048576K
}
Event: 3.179 GC heap before
{Heap before GC invocations=5 (full 0):
 PSYoungGen      total 35328K, used 35074K [0x00000000e0000000, 0x00000000e2500000, 0x0000000100000000)
  eden space 32768K, 99% used [0x00000000e0000000,0x00000000e1fc4b50,0x00000000e2000000)
  from space 2560K, 99% used [0x00000000e2280000,0x00000000e24fc010,0x00000000e2500000)
  to   space 2560K, 0% used [0x00000000e2000000,0x00000000e2000000,0x00000000e2280000)
 ParOldGen       total 44032K, used 4107K [0x00000000a0000000, 0x00000000a2b00000, 0x00000000e0000000)
  object space 44032K, 9% used [0x00000000a0000000,0x00000000a0402d68,0x00000000a2b00000)
 Metaspace       used 18831K, capacity 19162K, committed 19456K, reserved 1067008K
  class space    used 2575K, capacity 2693K, committed 2816K, reserved 1048576K
Event: 3.202 GC heap after
Heap after GC invocations=5 (full 0):
 PSYoungGen      total 35328K, used 2544K [0x00000000e0000000, 0x00000000e5100000, 0x0000000100000000)
  eden space 32768K, 0% used [0x00000000e0000000,0x00000000e0000000,0x00000000e2000000)
  from space 2560K, 99% used [0x00000000e2000000,0x00000000e227c010,0x00000000e2280000)
  to   space 8704K, 0% used [0x00000000e4880000,0x00000000e4880000,0x00000000e5100000)
 ParOldGen       total 44032K, used 10305K [0x00000000a0000000, 0x00000000a2b00000, 0x00000000e0000000)
  object space 44032K, 23% used [0x00000000a0000000,0x00000000a0a10560,0x00000000a2b00000)
 Metaspace       used 18831K, capacity 19162K, committed 19456K, reserved 1067008K
  class space    used 2575K, capacity 2693K, committed 2816K, reserved 1048576K
}
Event: 3.679 GC heap before
{Heap before GC invocations=6 (full 0):
 PSYoungGen      total 35328K, used 21597K [0x00000000e0000000, 0x00000000e5100000, 0x0000000100000000)
  eden space 32768K, 58% used [0x00000000e0000000,0x00000000e129b710,0x00000000e2000000)
  from space 2560K, 99% used [0x00000000e2000000,0x00000000e227c010,0x00000000e2280000)
  to   space 8704K, 0% used [0x00000000e4880000,0x00000000e4880000,0x00000000e5100000)
 ParOldGen       total 44032K, used 10305K [0x00000000a0000000, 0x00000000a2b00000, 0x00000000e0000000)
  object space 44032K, 23% used [0x00000000a0000000,0x00000000a0a10560,0x00000000a2b00000)
 Metaspace       used 20825K, capacity 21214K, committed 21296K, reserved 1067008K
  class space    used 2792K, capacity 2924K, committed 2944K, reserved 1048576K
Event: 3.739 GC heap after
Heap after GC invocations=6 (full 0):
 PSYoungGen      total 73216K, used 4829K [0x00000000e0000000, 0x00000000e5000000, 0x0000000100000000)
  eden space 65536K, 0% used [0x00000000e0000000,0x00000000e0000000,0x00000000e4000000)
  from space 7680K, 62% used [0x00000000e4880000,0x00000000e4d374e0,0x00000000e5000000)
  to   space 8192K, 0% used [0x00000000e4000000,0x00000000e4000000,0x00000000e4800000)
 ParOldGen       total 44032K, used 10305K [0x00000000a0000000, 0x00000000a2b00000, 0x00000000e0000000)
  object space 44032K, 23% used [0x00000000a0000000,0x00000000a0a10560,0x00000000a2b00000)
 Metaspace       used 20825K, capacity 21214K, committed 21296K, reserved 1067008K
  class space    used 2792K, capacity 2924K, committed 2944K, reserved 1048576K
}
Event: 3.739 GC heap before
{Heap before GC invocations=7 (full 1):
 PSYoungGen      total 73216K, used 4829K [0x00000000e0000000, 0x00000000e5000000, 0x0000000100000000)
  eden space 65536K, 0% used [0x00000000e0000000,0x00000000e0000000,0x00000000e4000000)
  from space 7680K, 62% used [0x00000000e4880000,0x00000000e4d374e0,0x00000000e5000000)
  to   space 8192K, 0% used [0x00000000e4000000,0x00000000e4000000,0x00000000e4800000)
 ParOldGen       total 44032K, used 10305K [0x00000000a0000000, 0x00000000a2b00000, 0x00000000e0000000)
  object space 44032K, 23% used [0x00000000a0000000,0x00000000a0a10560,0x00000000a2b00000)
 Metaspace       used 20825K, capacity 21214K, committed 21296K, reserved 1067008K
  class space    used 2792K, capacity 2924K, committed 2944K, reserved 1048576K
Event: 3.860 GC heap after
Heap after GC invocations=7 (full 1):
 PSYoungGen      total 73216K, used 0K [0x00000000e0000000, 0x00000000e5000000, 0x0000000100000000)
  eden space 65536K, 0% used [0x00000000e0000000,0x00000000e0000000,0x00000000e4000000)
  from space 7680K, 0% used [0x00000000e4880000,0x00000000e4880000,0x00000000e5000000)
  to   space 8192K, 0% used [0x00000000e4000000,0x00000000e4000000,0x00000000e4800000)
 ParOldGen       total 38912K, used 11270K [0x00000000a0000000, 0x00000000a2600000, 0x00000000e0000000)
  object space 38912K, 28% used [0x00000000a0000000,0x00000000a0b01870,0x00000000a2600000)
 Metaspace       used 20825K, capacity 21214K, committed 21296K, reserved 1067008K
  class space    used 2792K, capacity 2924K, committed 2944K, reserved 1048576K
}
Event: 5.134 GC heap before
{Heap before GC invocations=8 (full 1):
 PSYoungGen      total 73216K, used 65536K [0x00000000e0000000, 0x00000000e5000000, 0x0000000100000000)
  eden space 65536K, 100% used [0x00000000e0000000,0x00000000e4000000,0x00000000e4000000)
  from space 7680K, 0% used [0x00000000e4880000,0x00000000e4880000,0x00000000e5000000)
  to   space 8192K, 0% used [0x00000000e4000000,0x00000000e4000000,0x00000000e4800000)
 ParOldGen       total 38912K, used 11270K [0x00000000a0000000, 0x00000000a2600000, 0x00000000e0000000)
  object space 38912K, 28% used [0x00000000a0000000,0x00000000a0b01870,0x00000000a2600000)
 Metaspace       used 25905K, capacity 26420K, committed 26624K, reserved 1073152K
  class space    used 3654K, capacity 3778K, committed 3840K, reserved 1048576K
Event: 5.183 GC heap after
Heap after GC invocations=8 (full 1):
 PSYoungGen      total 73728K, used 7338K [0x00000000e0000000, 0x00000000e7b80000, 0x0000000100000000)
  eden space 65536K, 0% used [0x00000000e0000000,0x00000000e0000000,0x00000000e4000000)
  from space 8192K, 89% used [0x00000000e4000000,0x00000000e472ab98,0x00000000e4800000)
  to   space 9216K, 0% used [0x00000000e7280000,0x00000000e7280000,0x00000000e7b80000)
 ParOldGen       total 38912K, used 11270K [0x00000000a0000000, 0x00000000a2600000, 0x00000000e0000000)
  object space 38912K, 28% used [0x00000000a0000000,0x00000000a0b01870,0x00000000a2600000)
 Metaspace       used 25905K, capacity 26420K, committed 26624K, reserved 1073152K
  class space    used 3654K, capacity 3778K, committed 3840K, reserved 1048576K
}

Deoptimization events (10 events):
Event: 3.656 Thread 0x0000000059445000 Uncommon trap: reason=unstable_if action=reinterpret pc=0x0000000002dc62b0 method=java.util.HashMap.hash(Ljava/lang/Object;)I @ 1
Event: 3.656 Thread 0x0000000059445000 Uncommon trap: reason=unstable_if action=reinterpret pc=0x0000000002dd6250 method=java.util.HashMap.putVal(ILjava/lang/Object;Ljava/lang/Object;ZZ)Ljava/lang/Object; @ 85
Event: 3.873 Thread 0x0000000059445000 Uncommon trap: reason=class_check action=maybe_recompile pc=0x0000000002e396f0 method=java.lang.reflect.Method.equals(Ljava/lang/Object;)Z @ 5
Event: 3.876 Thread 0x0000000059445000 Uncommon trap: reason=class_check action=maybe_recompile pc=0x0000000002e396f0 method=java.lang.reflect.Method.equals(Ljava/lang/Object;)Z @ 5
Event: 4.010 Thread 0x0000000059445000 Uncommon trap: reason=unstable_if action=reinterpret pc=0x0000000002c970e0 method=java.util.LinkedHashMap.afterNodeInsertion(Z)V @ 1
Event: 4.041 Thread 0x0000000059445000 Uncommon trap: reason=class_check action=maybe_recompile pc=0x0000000002e396f0 method=java.lang.reflect.Method.equals(Ljava/lang/Object;)Z @ 5
Event: 4.041 Thread 0x0000000059445000 Uncommon trap: reason=class_check action=maybe_recompile pc=0x0000000002e396f0 method=java.lang.reflect.Method.equals(Ljava/lang/Object;)Z @ 5
Event: 4.294 Thread 0x0000000059445000 Uncommon trap: reason=unstable_if action=reinterpret pc=0x0000000002c053fc method=java.io.WinNTFileSystem.resolve(Ljava/lang/String;Ljava/lang/String;)Ljava/lang/String; @ 49
Event: 5.001 Thread 0x0000000059445000 Uncommon trap: reason=unstable_if action=reinterpret pc=0x0000000002b03520 method=java.net.URI.match(CJJ)Z @ 45
Event: 5.125 Thread 0x0000000059445000 Uncommon trap: reason=unstable_if action=reinterpret pc=0x0000000002e594b0 method=java.lang.AbstractStringBuilder.append(Ljava/lang/String;)Ljava/lang/AbstractStringBuilder; @ 1

Internal exceptions (10 events):
Event: 4.428 Thread 0x0000000059445000 Exception <a 'java/lang/ClassNotFoundException': org/gradle/api/internal/artifacts/repositories/DefaultMavenArtifactRepository_DecoratedCustomizer> (0x00000000e17bf878) thrown at [C:\re\workspace\8-2-build-windows-amd64-cygwin\jdk8u121\8372\hotspot\src\sh
Event: 4.542 Thread 0x0000000059445000 Exception <a 'java/lang/ClassNotFoundException': build_7y5831yk8m2jfudvhwmvnhhaxBeanInfo> (0x00000000e1e80050) thrown at [C:\re\workspace\8-2-build-windows-amd64-cygwin\jdk8u121\8372\hotspot\src\share\vm\classfile\systemDictionary.cpp, line 210]
Event: 4.543 Thread 0x0000000059445000 Exception <a 'java/lang/ClassNotFoundException': org/gradle/api/internal/project/ProjectScriptBeanInfo> (0x00000000e1e8f0c8) thrown at [C:\re\workspace\8-2-build-windows-amd64-cygwin\jdk8u121\8372\hotspot\src\share\vm\classfile\systemDictionary.cpp, line 
Event: 4.543 Thread 0x0000000059445000 Exception <a 'java/lang/ClassNotFoundException': org/gradle/api/internal/project/ProjectScriptCustomizer> (0x00000000e1e9e4d0) thrown at [C:\re\workspace\8-2-build-windows-amd64-cygwin\jdk8u121\8372\hotspot\src\share\vm\classfile\systemDictionary.cpp, lin
Event: 4.545 Thread 0x0000000059445000 Exception <a 'java/lang/ClassNotFoundException': build_7y5831yk8m2jfudvhwmvnhhaxCustomizer> (0x00000000e1ebc090) thrown at [C:\re\workspace\8-2-build-windows-amd64-cygwin\jdk8u121\8372\hotspot\src\share\vm\classfile\systemDictionary.cpp, line 210]
Event: 4.779 Thread 0x0000000059445000 Exception <a 'java/lang/ClassNotFoundException': org/gradle/api/internal/artifacts/dsl/dependencies/DefaultDependencyHandler_DecoratedBeanInfo> (0x00000000e29d0f48) thrown at [C:\re\workspace\8-2-build-windows-amd64-cygwin\jdk8u121\8372\hotspot\src\share\
Event: 4.780 Thread 0x0000000059445000 Exception <a 'java/lang/ClassNotFoundException': org/gradle/api/internal/artifacts/dsl/dependencies/DefaultDependencyHandlerBeanInfo> (0x00000000e29fb1a8) thrown at [C:\re\workspace\8-2-build-windows-amd64-cygwin\jdk8u121\8372\hotspot\src\share\vm\classfi
Event: 4.781 Thread 0x0000000059445000 Exception <a 'java/lang/ClassNotFoundException': org/gradle/api/internal/artifacts/dsl/dependencies/DefaultDependencyHandlerCustomizer> (0x00000000e2a25b50) thrown at [C:\re\workspace\8-2-build-windows-amd64-cygwin\jdk8u121\8372\hotspot\src\share\vm\class
Event: 4.783 Thread 0x0000000059445000 Exception <a 'java/lang/ClassNotFoundException': org/gradle/api/internal/artifacts/dsl/dependencies/DefaultDependencyHandler_DecoratedCustomizer> (0x00000000e2a642c0) thrown at [C:\re\workspace\8-2-build-windows-amd64-cygwin\jdk8u121\8372\hotspot\src\shar
Event: 5.110 Thread 0x0000000059445000 Implicit null exception at 0x0000000002e58f51 to 0x0000000002e594a1

Events (10 events):
Event: 5.909 Thread 0x0000000059445000 DEOPT PACKING pc=0x0000000002b1f051 sp=0x000000005a71a480
Event: 5.909 Thread 0x0000000059445000 DEOPT UNPACKING pc=0x00000000029f787f sp=0x000000005a71a308 mode 0
Event: 5.987 loading class org/apache/ivy/core/module/descriptor/DefaultExcludeRule
Event: 5.987 loading class org/apache/ivy/core/module/descriptor/DefaultExcludeRule done
Event: 5.988 loading class org/apache/ivy/core/module/descriptor/AbstractIncludeExcludeRule
Event: 5.988 loading class org/apache/ivy/core/module/descriptor/AbstractIncludeExcludeRule done
Event: 5.989 loading class org/apache/ivy/core/module/descriptor/ConfigurationAware
Event: 5.989 loading class org/apache/ivy/core/module/descriptor/ConfigurationAware done
Event: 5.990 loading class org/apache/ivy/core/module/id/ArtifactId
Event: 5.990 loading class org/apache/ivy/core/module/id/ArtifactId done


Dynamic libraries:
0x000000013f1e0000 - 0x000000013f217000 	C:\Program Files\Java\jdk1.8.0_121\bin\java.exe
0x0000000076d50000 - 0x0000000076ef9000 	C:\Windows\SYSTEM32\ntdll.dll
0x0000000076c30000 - 0x0000000076d4f000 	C:\Windows\system32\kernel32.dll
0x000007fefcd70000 - 0x000007fefcddb000 	C:\Windows\system32\KERNELBASE.dll
0x000007fefe5e0000 - 0x000007fefe6bb000 	C:\Windows\system32\ADVAPI32.dll
0x000007fefd110000 - 0x000007fefd1af000 	C:\Windows\system32\msvcrt.dll
0x000007fefee60000 - 0x000007fefee7f000 	C:\Windows\SYSTEM32\sechost.dll
0x000007fefe6c0000 - 0x000007fefe7ed000 	C:\Windows\system32\RPCRT4.dll
0x0000000076b30000 - 0x0000000076c2a000 	C:\Windows\system32\USER32.dll
0x000007fefed60000 - 0x000007fefedc7000 	C:\Windows\system32\GDI32.dll
0x000007fefee20000 - 0x000007fefee2e000 	C:\Windows\system32\LPK.dll
0x000007fefd520000 - 0x000007fefd5e9000 	C:\Windows\system32\USP10.dll
0x000007fefb540000 - 0x000007fefb734000 	C:\Windows\WinSxS\amd64_microsoft.windows.common-controls_6595b64144ccf1df_6.0.7601.17514_none_fa396087175ac9ac\COMCTL32.dll
0x000007fefec80000 - 0x000007fefecf1000 	C:\Windows\system32\SHLWAPI.dll
0x000007fefee30000 - 0x000007fefee5e000 	C:\Windows\system32\IMM32.DLL
0x000007fefd1b0000 - 0x000007fefd2b9000 	C:\Windows\system32\MSCTF.dll
0x000000006a9a0000 - 0x000000006aa72000 	C:\Program Files\Java\jdk1.8.0_121\jre\bin\msvcr100.dll
0x0000000066fb0000 - 0x000000006784b000 	C:\Program Files\Java\jdk1.8.0_121\jre\bin\server\jvm.dll
0x000007fee8b70000 - 0x000007fee8b79000 	C:\Windows\system32\WSOCK32.dll
0x000007fefedd0000 - 0x000007fefee1d000 	C:\Windows\system32\WS2_32.dll
0x000007fefefb0000 - 0x000007fefefb8000 	C:\Windows\system32\NSI.dll
0x000007fef94f0000 - 0x000007fef952b000 	C:\Windows\system32\WINMM.dll
0x000007fefbe60000 - 0x000007fefbe6c000 	C:\Windows\system32\VERSION.dll
0x0000000076f10000 - 0x0000000076f17000 	C:\Windows\system32\PSAPI.DLL
0x0000000071630000 - 0x000000007163f000 	C:\Program Files\Java\jdk1.8.0_121\jre\bin\verify.dll
0x0000000071600000 - 0x0000000071629000 	C:\Program Files\Java\jdk1.8.0_121\jre\bin\java.dll
0x0000000071450000 - 0x0000000071466000 	C:\Program Files\Java\jdk1.8.0_121\jre\bin\zip.dll
0x000007fefd770000 - 0x000007fefe4f8000 	C:\Windows\system32\SHELL32.dll
0x000007fefe9d0000 - 0x000007fefebd3000 	C:\Windows\system32\ole32.dll
0x000007fefcca0000 - 0x000007fefccaf000 	C:\Windows\system32\profapi.dll
0x0000000071430000 - 0x000000007144a000 	C:\Program Files\Java\jdk1.8.0_121\jre\bin\net.dll
0x000007fefc510000 - 0x000007fefc565000 	C:\Windows\system32\mswsock.dll
0x000007fefc500000 - 0x000007fefc507000 	C:\Windows\System32\wship6.dll
0x0000000071410000 - 0x0000000071421000 	C:\Program Files\Java\jdk1.8.0_121\jre\bin\nio.dll
0x000007fee6330000 - 0x000007fee6342000 	C:\Users\welcome\.gradle\native\19\windows-amd64\native-platform.dll
0x000007fefc570000 - 0x000007fefc587000 	C:\Windows\system32\CRYPTSP.dll
0x000007fefc230000 - 0x000007fefc277000 	C:\Windows\system32\rsaenh.dll
0x000007fefc0b0000 - 0x000007fefc0ce000 	C:\Windows\system32\USERENV.dll
0x000007fefcbd0000 - 0x000007fefcbdf000 	C:\Windows\system32\CRYPTBASE.dll
0x000007fefbe30000 - 0x000007fefbe57000 	C:\Windows\system32\IPHLPAPI.DLL
0x000007fefbe20000 - 0x000007fefbe2b000 	C:\Windows\system32\WINNSI.DLL
0x000007fefbbc0000 - 0x000007fefbbd8000 	C:\Windows\system32\dhcpcsvc.DLL
0x000007fef9be0000 - 0x000007fef9bf1000 	C:\Windows\system32\dhcpcsvc6.DLL
0x00000000729e0000 - 0x00000000729ed000 	C:\Program Files\Java\jdk1.8.0_121\jre\bin\management.dll
0x000007fefcb70000 - 0x000007fefcbc7000 	C:\Windows\system32\apphelp.dll
0x000007fef86d0000 - 0x000007fef87f5000 	C:\Windows\system32\dbghelp.dll

VM Arguments:
jvm_args: -Xmx1536m -Dfile.encoding=windows-1252 -Duser.country=US -Duser.language=en -Duser.variant 
java_command: org.gradle.launcher.daemon.bootstrap.GradleDaemon 2.14.1
java_class_path (initial): C:\Program Files\Android\Android Studio\gradle\gradle-2.14.1\lib\gradle-launcher-2.14.1.jar
Launcher Type: SUN_STANDARD

Environment Variables:
PATH=C:\ProgramData\Oracle\Java\javapath;C:\Windows\system32;C:\Windows;C:\Windows\System32\Wbem;C:\Windows\System32\WindowsPowerShell\v1.0\;C:\Program Files\Git\cmd;C:\Program Files\Java\jdk1.8.0_121\bin
USERNAME=welcome
OS=Windows_NT
PROCESSOR_IDENTIFIER=Intel64 Family 6 Model 58 Stepping 9, GenuineIntel



---------------  S Y S T E M  ---------------

OS: Windows 7 , 64 bit Build 7601 (6.1.7601.17514)

CPU:total 4 (2 cores per cpu, 2 threads per core) family 6 model 58 stepping 9, cmov, cx8, fxsr, mmx, sse, sse2, sse3, ssse3, sse4.1, sse4.2, popcnt, avx, clmul, erms, ht, tsc, tscinvbit, tscinv

Memory: 4k page, physical 4083996k(1611700k free), swap 8166148k(5320760k free)

vm_info: Java HotSpot(TM) 64-Bit Server VM (25.121-b13) for windows-amd64 JRE (1.8.0_121-b13), built on Dec 12 2016 18:21:36 by "java_re" with MS VC++ 10.0 (VS2010)

time: Tue Feb 07 16:39:45 2017
elapsed time: 6 seconds (0d 0h 0m 6s)

